{"/Users/sschepis/Development/prime-echo-core/cli/src/index.ts": {"path":"/Users/sschepis/Development/prime-echo-core/cli/src/index.ts","statementMap":{"0":{"start":{"line":12,"column":16},"end":{"line":12,"column":null}},"1":{"start":{"line":14,"column":0},"end":{"line":31,"column":null}},"2":{"start":{"line":20,"column":17},"end":{"line":20,"column":null}},"3":{"start":{"line":21,"column":4},"end":{"line":30,"column":null}},"4":{"start":{"line":24,"column":6},"end":{"line":29,"column":null}},"5":{"start":{"line":34,"column":0},"end":{"line":34,"column":null}},"6":{"start":{"line":35,"column":0},"end":{"line":35,"column":null}},"7":{"start":{"line":36,"column":0},"end":{"line":36,"column":null}},"8":{"start":{"line":37,"column":0},"end":{"line":37,"column":null}},"9":{"start":{"line":38,"column":0},"end":{"line":38,"column":null}},"10":{"start":{"line":39,"column":0},"end":{"line":39,"column":null}},"11":{"start":{"line":42,"column":0},"end":{"line":58,"column":null}},"12":{"start":{"line":43,"column":2},"end":{"line":48,"column":null}},"13":{"start":{"line":50,"column":2},"end":{"line":50,"column":null}},"14":{"start":{"line":51,"column":2},"end":{"line":51,"column":null}},"15":{"start":{"line":52,"column":2},"end":{"line":52,"column":null}},"16":{"start":{"line":53,"column":2},"end":{"line":53,"column":null}},"17":{"start":{"line":54,"column":2},"end":{"line":54,"column":null}},"18":{"start":{"line":55,"column":2},"end":{"line":55,"column":null}},"19":{"start":{"line":56,"column":2},"end":{"line":56,"column":null}},"20":{"start":{"line":57,"column":2},"end":{"line":57,"column":null}},"21":{"start":{"line":61,"column":2},"end":{"line":61,"column":null}}},"fnMap":{"0":{"name":"(anonymous_0)","decl":{"start":{"line":18,"column":21},"end":{"line":18,"column":27}},"loc":{"start":{"line":18,"column":27},"end":{"line":31,"column":3}}},"1":{"name":"(anonymous_1)","decl":{"start":{"line":42,"column":15},"end":{"line":42,"column":21}},"loc":{"start":{"line":42,"column":21},"end":{"line":58,"column":1}}},"2":{"name":"run","decl":{"start":{"line":60,"column":16},"end":{"line":60,"column":20}},"loc":{"start":{"line":60,"column":36},"end":{"line":62,"column":null}}}},"branchMap":{"0":{"loc":{"start":{"line":21,"column":4},"end":{"line":30,"column":null}},"type":"if","locations":[{"start":{"line":21,"column":4},"end":{"line":30,"column":null}},{"start":{},"end":{}}]},"1":{"loc":{"start":{"line":21,"column":8},"end":{"line":23,"column":27}},"type":"binary-expr","locations":[{"start":{"line":21,"column":8},"end":{"line":21,"column":32}},{"start":{"line":21,"column":32},"end":{"line":21,"column":null}},{"start":{"line":22,"column":8},"end":{"line":22,"column":32}},{"start":{"line":22,"column":32},"end":{"line":22,"column":null}},{"start":{"line":23,"column":8},"end":{"line":23,"column":27}}]}},"s":{"0":1,"1":1,"2":0,"3":0,"4":0,"5":1,"6":1,"7":1,"8":1,"9":1,"10":1,"11":1,"12":0,"13":0,"14":0,"15":0,"16":0,"17":0,"18":0,"19":0,"20":0,"21":1},"f":{"0":0,"1":0,"2":1},"b":{"0":[0,0],"1":[0,0,0,0,0]}}
,"/Users/sschepis/Development/prime-echo-core/cli/src/commands/agents.ts": {"path":"/Users/sschepis/Development/prime-echo-core/cli/src/commands/agents.ts","statementMap":{"0":{"start":{"line":10,"column":29},"end":{"line":11,"column":null}},"1":{"start":{"line":14,"column":0},"end":{"line":61,"column":null}},"2":{"start":{"line":20,"column":4},"end":{"line":20,"column":null}},"3":{"start":{"line":20,"column":24},"end":{"line":20,"column":null}},"4":{"start":{"line":22,"column":4},"end":{"line":22,"column":null}},"5":{"start":{"line":24,"column":21},"end":{"line":24,"column":null}},"6":{"start":{"line":26,"column":4},"end":{"line":30,"column":null}},"7":{"start":{"line":27,"column":6},"end":{"line":27,"column":null}},"8":{"start":{"line":28,"column":6},"end":{"line":28,"column":null}},"9":{"start":{"line":29,"column":6},"end":{"line":29,"column":null}},"10":{"start":{"line":32,"column":4},"end":{"line":32,"column":null}},"11":{"start":{"line":34,"column":17},"end":{"line":34,"column":null}},"12":{"start":{"line":36,"column":4},"end":{"line":38,"column":null}},"13":{"start":{"line":37,"column":6},"end":{"line":37,"column":null}},"14":{"start":{"line":37,"column":34},"end":{"line":37,"column":45}},"15":{"start":{"line":40,"column":4},"end":{"line":44,"column":null}},"16":{"start":{"line":41,"column":6},"end":{"line":41,"column":null}},"17":{"start":{"line":42,"column":6},"end":{"line":42,"column":null}},"18":{"start":{"line":43,"column":6},"end":{"line":43,"column":null}},"19":{"start":{"line":46,"column":18},"end":{"line":48,"column":null}},"20":{"start":{"line":50,"column":4},"end":{"line":58,"column":null}},"21":{"start":{"line":51,"column":6},"end":{"line":57,"column":null}},"22":{"start":{"line":60,"column":4},"end":{"line":60,"column":null}},"23":{"start":{"line":64,"column":0},"end":{"line":100,"column":null}},"24":{"start":{"line":68,"column":4},"end":{"line":68,"column":null}},"25":{"start":{"line":68,"column":24},"end":{"line":68,"column":null}},"26":{"start":{"line":70,"column":4},"end":{"line":70,"column":null}},"27":{"start":{"line":72,"column":21},"end":{"line":72,"column":null}},"28":{"start":{"line":74,"column":4},"end":{"line":78,"column":null}},"29":{"start":{"line":75,"column":6},"end":{"line":75,"column":null}},"30":{"start":{"line":76,"column":6},"end":{"line":76,"column":null}},"31":{"start":{"line":77,"column":6},"end":{"line":77,"column":null}},"32":{"start":{"line":80,"column":4},"end":{"line":80,"column":null}},"33":{"start":{"line":82,"column":18},"end":{"line":82,"column":null}},"34":{"start":{"line":84,"column":4},"end":{"line":99,"column":null}},"35":{"start":{"line":97,"column":2},"end":{"line":97,"column":null}},"36":{"start":{"line":103,"column":0},"end":{"line":146,"column":null}},"37":{"start":{"line":109,"column":4},"end":{"line":109,"column":null}},"38":{"start":{"line":109,"column":24},"end":{"line":109,"column":null}},"39":{"start":{"line":111,"column":20},"end":{"line":111,"column":null}},"40":{"start":{"line":112,"column":4},"end":{"line":119,"column":null}},"41":{"start":{"line":113,"column":6},"end":{"line":118,"column":null}},"42":{"start":{"line":114,"column":8},"end":{"line":114,"column":null}},"43":{"start":{"line":116,"column":8},"end":{"line":116,"column":null}},"44":{"start":{"line":117,"column":8},"end":{"line":117,"column":null}},"45":{"start":{"line":121,"column":4},"end":{"line":121,"column":null}},"46":{"start":{"line":123,"column":21},"end":{"line":126,"column":null}},"47":{"start":{"line":128,"column":4},"end":{"line":132,"column":null}},"48":{"start":{"line":129,"column":6},"end":{"line":129,"column":null}},"49":{"start":{"line":130,"column":6},"end":{"line":130,"column":null}},"50":{"start":{"line":131,"column":6},"end":{"line":131,"column":null}},"51":{"start":{"line":134,"column":4},"end":{"line":134,"column":null}},"52":{"start":{"line":136,"column":16},"end":{"line":136,"column":null}},"53":{"start":{"line":137,"column":4},"end":{"line":137,"column":null}},"54":{"start":{"line":138,"column":4},"end":{"line":138,"column":null}},"55":{"start":{"line":140,"column":4},"end":{"line":145,"column":null}},"56":{"start":{"line":141,"column":6},"end":{"line":141,"column":null}},"57":{"start":{"line":142,"column":6},"end":{"line":142,"column":null}},"58":{"start":{"line":144,"column":6},"end":{"line":144,"column":null}},"59":{"start":{"line":149,"column":0},"end":{"line":234,"column":null}},"60":{"start":{"line":155,"column":4},"end":{"line":155,"column":null}},"61":{"start":{"line":155,"column":24},"end":{"line":155,"column":null}},"62":{"start":{"line":157,"column":4},"end":{"line":233,"column":null}},"63":{"start":{"line":159,"column":6},"end":{"line":159,"column":null}},"64":{"start":{"line":161,"column":23},"end":{"line":163,"column":null}},"65":{"start":{"line":165,"column":6},"end":{"line":169,"column":null}},"66":{"start":{"line":166,"column":8},"end":{"line":166,"column":null}},"67":{"start":{"line":167,"column":8},"end":{"line":167,"column":null}},"68":{"start":{"line":168,"column":8},"end":{"line":168,"column":null}},"69":{"start":{"line":171,"column":6},"end":{"line":171,"column":null}},"70":{"start":{"line":173,"column":18},"end":{"line":173,"column":null}},"71":{"start":{"line":175,"column":6},"end":{"line":194,"column":null}},"72":{"start":{"line":187,"column":17},"end":{"line":190,"column":null}},"73":{"start":{"line":191,"column":19},"end":{"line":191,"column":null}},"74":{"start":{"line":192,"column":2},"end":{"line":192,"column":null}},"75":{"start":{"line":197,"column":6},"end":{"line":197,"column":null}},"76":{"start":{"line":199,"column":23},"end":{"line":201,"column":null}},"77":{"start":{"line":203,"column":6},"end":{"line":207,"column":null}},"78":{"start":{"line":204,"column":8},"end":{"line":204,"column":null}},"79":{"start":{"line":205,"column":8},"end":{"line":205,"column":null}},"80":{"start":{"line":206,"column":8},"end":{"line":206,"column":null}},"81":{"start":{"line":209,"column":6},"end":{"line":209,"column":null}},"82":{"start":{"line":211,"column":19},"end":{"line":211,"column":null}},"83":{"start":{"line":213,"column":6},"end":{"line":216,"column":null}},"84":{"start":{"line":214,"column":8},"end":{"line":214,"column":null}},"85":{"start":{"line":215,"column":8},"end":{"line":215,"column":null}},"86":{"start":{"line":218,"column":20},"end":{"line":220,"column":null}},"87":{"start":{"line":222,"column":6},"end":{"line":230,"column":null}},"88":{"start":{"line":223,"column":8},"end":{"line":229,"column":null}},"89":{"start":{"line":232,"column":6},"end":{"line":232,"column":null}},"90":{"start":{"line":237,"column":0},"end":{"line":271,"column":null}},"91":{"start":{"line":242,"column":4},"end":{"line":242,"column":null}},"92":{"start":{"line":242,"column":24},"end":{"line":242,"column":null}},"93":{"start":{"line":244,"column":4},"end":{"line":258,"column":null}},"94":{"start":{"line":245,"column":26},"end":{"line":252,"column":null}},"95":{"start":{"line":254,"column":6},"end":{"line":257,"column":null}},"96":{"start":{"line":255,"column":8},"end":{"line":255,"column":null}},"97":{"start":{"line":256,"column":8},"end":{"line":256,"column":null}},"98":{"start":{"line":260,"column":4},"end":{"line":260,"column":null}},"99":{"start":{"line":262,"column":21},"end":{"line":262,"column":null}},"100":{"start":{"line":264,"column":4},"end":{"line":268,"column":null}},"101":{"start":{"line":265,"column":6},"end":{"line":265,"column":null}},"102":{"start":{"line":266,"column":6},"end":{"line":266,"column":null}},"103":{"start":{"line":267,"column":6},"end":{"line":267,"column":null}},"104":{"start":{"line":270,"column":4},"end":{"line":270,"column":null}},"105":{"start":{"line":275,"column":22},"end":{"line":275,"column":null}},"106":{"start":{"line":276,"column":19},"end":{"line":276,"column":null}},"107":{"start":{"line":278,"column":2},"end":{"line":308,"column":null}},"108":{"start":{"line":278,"column":15},"end":{"line":278,"column":18}},"109":{"start":{"line":279,"column":21},"end":{"line":281,"column":null}},"110":{"start":{"line":283,"column":4},"end":{"line":286,"column":null}},"111":{"start":{"line":284,"column":6},"end":{"line":284,"column":null}},"112":{"start":{"line":285,"column":6},"end":{"line":285,"column":null}},"113":{"start":{"line":288,"column":16},"end":{"line":288,"column":null}},"114":{"start":{"line":290,"column":4},"end":{"line":290,"column":null}},"115":{"start":{"line":292,"column":4},"end":{"line":295,"column":null}},"116":{"start":{"line":293,"column":6},"end":{"line":293,"column":null}},"117":{"start":{"line":294,"column":6},"end":{"line":294,"column":null}},"118":{"start":{"line":297,"column":4},"end":{"line":300,"column":null}},"119":{"start":{"line":298,"column":6},"end":{"line":298,"column":null}},"120":{"start":{"line":299,"column":6},"end":{"line":299,"column":null}},"121":{"start":{"line":302,"column":4},"end":{"line":305,"column":null}},"122":{"start":{"line":303,"column":6},"end":{"line":303,"column":null}},"123":{"start":{"line":304,"column":6},"end":{"line":304,"column":null}},"124":{"start":{"line":307,"column":4},"end":{"line":307,"column":null}},"125":{"start":{"line":307,"column":33},"end":{"line":307,"column":62}},"126":{"start":{"line":310,"column":2},"end":{"line":310,"column":null}}},"fnMap":{"0":{"name":"(anonymous_0)","decl":{"start":{"line":19,"column":10},"end":{"line":19,"column":17}},"loc":{"start":{"line":19,"column":29},"end":{"line":61,"column":3}}},"1":{"name":"(anonymous_1)","decl":{"start":{"line":37,"column":29},"end":{"line":37,"column":34}},"loc":{"start":{"line":37,"column":34},"end":{"line":37,"column":45}}},"2":{"name":"(anonymous_2)","decl":{"start":{"line":67,"column":10},"end":{"line":67,"column":17}},"loc":{"start":{"line":67,"column":24},"end":{"line":100,"column":3}}},"3":{"name":"(anonymous_3)","decl":{"start":{"line":96,"column":39},"end":{"line":96,"column":40}},"loc":{"start":{"line":97,"column":2},"end":{"line":97,"column":null}}},"4":{"name":"(anonymous_4)","decl":{"start":{"line":108,"column":10},"end":{"line":108,"column":17}},"loc":{"start":{"line":108,"column":33},"end":{"line":146,"column":3}}},"5":{"name":"(anonymous_5)","decl":{"start":{"line":154,"column":10},"end":{"line":154,"column":17}},"loc":{"start":{"line":154,"column":33},"end":{"line":234,"column":3}}},"6":{"name":"(anonymous_6)","decl":{"start":{"line":186,"column":24},"end":{"line":186,"column":25}},"loc":{"start":{"line":186,"column":50},"end":{"line":193,"column":1}}},"7":{"name":"(anonymous_7)","decl":{"start":{"line":241,"column":10},"end":{"line":241,"column":17}},"loc":{"start":{"line":241,"column":33},"end":{"line":271,"column":3}}},"8":{"name":"pollRunStatus","decl":{"start":{"line":274,"column":15},"end":{"line":274,"column":29}},"loc":{"start":{"line":274,"column":76},"end":{"line":311,"column":null}}},"9":{"name":"(anonymous_9)","decl":{"start":{"line":307,"column":22},"end":{"line":307,"column":33}},"loc":{"start":{"line":307,"column":33},"end":{"line":307,"column":62}}}},"branchMap":{"0":{"loc":{"start":{"line":20,"column":4},"end":{"line":20,"column":null}},"type":"if","locations":[{"start":{"line":20,"column":4},"end":{"line":20,"column":null}},{"start":{},"end":{}}]},"1":{"loc":{"start":{"line":26,"column":4},"end":{"line":30,"column":null}},"type":"if","locations":[{"start":{"line":26,"column":4},"end":{"line":30,"column":null}},{"start":{},"end":{}}]},"2":{"loc":{"start":{"line":34,"column":17},"end":{"line":34,"column":null}},"type":"binary-expr","locations":[{"start":{"line":34,"column":17},"end":{"line":34,"column":42}},{"start":{"line":34,"column":42},"end":{"line":34,"column":null}}]},"3":{"loc":{"start":{"line":36,"column":4},"end":{"line":38,"column":null}},"type":"if","locations":[{"start":{"line":36,"column":4},"end":{"line":38,"column":null}},{"start":{},"end":{}}]},"4":{"loc":{"start":{"line":40,"column":4},"end":{"line":44,"column":null}},"type":"if","locations":[{"start":{"line":40,"column":4},"end":{"line":44,"column":null}},{"start":{},"end":{}}]},"5":{"loc":{"start":{"line":54,"column":21},"end":{"line":54,"column":60}},"type":"cond-expr","locations":[{"start":{"line":54,"column":39},"end":{"line":54,"column":50}},{"start":{"line":54,"column":50},"end":{"line":54,"column":60}}]},"6":{"loc":{"start":{"line":68,"column":4},"end":{"line":68,"column":null}},"type":"if","locations":[{"start":{"line":68,"column":4},"end":{"line":68,"column":null}},{"start":{},"end":{}}]},"7":{"loc":{"start":{"line":74,"column":4},"end":{"line":78,"column":null}},"type":"if","locations":[{"start":{"line":74,"column":4},"end":{"line":78,"column":null}},{"start":{},"end":{}}]},"8":{"loc":{"start":{"line":86,"column":12},"end":{"line":86,"column":49}},"type":"binary-expr","locations":[{"start":{"line":86,"column":12},"end":{"line":86,"column":33}},{"start":{"line":86,"column":33},"end":{"line":86,"column":49}}]},"9":{"loc":{"start":{"line":90,"column":45},"end":{"line":90,"column":84}},"type":"cond-expr","locations":[{"start":{"line":90,"column":63},"end":{"line":90,"column":74}},{"start":{"line":90,"column":74},"end":{"line":90,"column":84}}]},"10":{"loc":{"start":{"line":95,"column":25},"end":{"line":95,"column":62}},"type":"binary-expr","locations":[{"start":{"line":95,"column":25},"end":{"line":95,"column":61}},{"start":{"line":95,"column":61},"end":{"line":95,"column":62}}]},"11":{"loc":{"start":{"line":96,"column":3},"end":{"line":96,"column":35}},"type":"binary-expr","locations":[{"start":{"line":96,"column":3},"end":{"line":96,"column":31}},{"start":{"line":96,"column":31},"end":{"line":96,"column":35}}]},"12":{"loc":{"start":{"line":109,"column":4},"end":{"line":109,"column":null}},"type":"if","locations":[{"start":{"line":109,"column":4},"end":{"line":109,"column":null}},{"start":{},"end":{}}]},"13":{"loc":{"start":{"line":112,"column":4},"end":{"line":119,"column":null}},"type":"if","locations":[{"start":{"line":112,"column":4},"end":{"line":119,"column":null}},{"start":{},"end":{}}]},"14":{"loc":{"start":{"line":128,"column":4},"end":{"line":132,"column":null}},"type":"if","locations":[{"start":{"line":128,"column":4},"end":{"line":132,"column":null}},{"start":{},"end":{}}]},"15":{"loc":{"start":{"line":140,"column":4},"end":{"line":145,"column":null}},"type":"if","locations":[{"start":{"line":140,"column":4},"end":{"line":145,"column":null}},{"start":{"line":143,"column":11},"end":{"line":145,"column":null}}]},"16":{"loc":{"start":{"line":155,"column":4},"end":{"line":155,"column":null}},"type":"if","locations":[{"start":{"line":155,"column":4},"end":{"line":155,"column":null}},{"start":{},"end":{}}]},"17":{"loc":{"start":{"line":157,"column":4},"end":{"line":233,"column":null}},"type":"if","locations":[{"start":{"line":157,"column":4},"end":{"line":233,"column":null}},{"start":{"line":195,"column":11},"end":{"line":233,"column":null}}]},"18":{"loc":{"start":{"line":165,"column":6},"end":{"line":169,"column":null}},"type":"if","locations":[{"start":{"line":165,"column":6},"end":{"line":169,"column":null}},{"start":{},"end":{}}]},"19":{"loc":{"start":{"line":183,"column":2},"end":{"line":183,"column":69}},"type":"cond-expr","locations":[{"start":{"line":183,"column":22},"end":{"line":183,"column":67}},{"start":{"line":183,"column":67},"end":{"line":183,"column":69}}]},"20":{"loc":{"start":{"line":186,"column":3},"end":{"line":186,"column":20}},"type":"binary-expr","locations":[{"start":{"line":186,"column":3},"end":{"line":186,"column":16}},{"start":{"line":186,"column":16},"end":{"line":186,"column":20}}]},"21":{"loc":{"start":{"line":187,"column":17},"end":{"line":190,"column":null}},"type":"cond-expr","locations":[{"start":{"line":187,"column":47},"end":{"line":187,"column":null}},{"start":{"line":188,"column":17},"end":{"line":190,"column":null}}]},"22":{"loc":{"start":{"line":188,"column":17},"end":{"line":190,"column":null}},"type":"cond-expr","locations":[{"start":{"line":188,"column":44},"end":{"line":188,"column":null}},{"start":{"line":189,"column":17},"end":{"line":190,"column":null}}]},"23":{"loc":{"start":{"line":189,"column":17},"end":{"line":190,"column":null}},"type":"cond-expr","locations":[{"start":{"line":189,"column":45},"end":{"line":189,"column":null}},{"start":{"line":190,"column":17},"end":{"line":190,"column":null}}]},"24":{"loc":{"start":{"line":191,"column":19},"end":{"line":191,"column":null}},"type":"cond-expr","locations":[{"start":{"line":191,"column":38},"end":{"line":191,"column":78}},{"start":{"line":191,"column":78},"end":{"line":191,"column":null}}]},"25":{"loc":{"start":{"line":203,"column":6},"end":{"line":207,"column":null}},"type":"if","locations":[{"start":{"line":203,"column":6},"end":{"line":207,"column":null}},{"start":{},"end":{}}]},"26":{"loc":{"start":{"line":211,"column":19},"end":{"line":211,"column":null}},"type":"binary-expr","locations":[{"start":{"line":211,"column":19},"end":{"line":211,"column":42}},{"start":{"line":211,"column":42},"end":{"line":211,"column":null}}]},"27":{"loc":{"start":{"line":213,"column":6},"end":{"line":216,"column":null}},"type":"if","locations":[{"start":{"line":213,"column":6},"end":{"line":216,"column":null}},{"start":{},"end":{}}]},"28":{"loc":{"start":{"line":242,"column":4},"end":{"line":242,"column":null}},"type":"if","locations":[{"start":{"line":242,"column":4},"end":{"line":242,"column":null}},{"start":{},"end":{}}]},"29":{"loc":{"start":{"line":244,"column":4},"end":{"line":258,"column":null}},"type":"if","locations":[{"start":{"line":244,"column":4},"end":{"line":258,"column":null}},{"start":{},"end":{}}]},"30":{"loc":{"start":{"line":254,"column":6},"end":{"line":257,"column":null}},"type":"if","locations":[{"start":{"line":254,"column":6},"end":{"line":257,"column":null}},{"start":{},"end":{}}]},"31":{"loc":{"start":{"line":264,"column":4},"end":{"line":268,"column":null}},"type":"if","locations":[{"start":{"line":264,"column":4},"end":{"line":268,"column":null}},{"start":{},"end":{}}]},"32":{"loc":{"start":{"line":283,"column":4},"end":{"line":286,"column":null}},"type":"if","locations":[{"start":{"line":283,"column":4},"end":{"line":286,"column":null}},{"start":{},"end":{}}]},"33":{"loc":{"start":{"line":292,"column":4},"end":{"line":295,"column":null}},"type":"if","locations":[{"start":{"line":292,"column":4},"end":{"line":295,"column":null}},{"start":{},"end":{}}]},"34":{"loc":{"start":{"line":297,"column":4},"end":{"line":300,"column":null}},"type":"if","locations":[{"start":{"line":297,"column":4},"end":{"line":300,"column":null}},{"start":{},"end":{}}]},"35":{"loc":{"start":{"line":302,"column":4},"end":{"line":305,"column":null}},"type":"if","locations":[{"start":{"line":302,"column":4},"end":{"line":305,"column":null}},{"start":{},"end":{}}]}},"s":{"0":2,"1":2,"2":0,"3":0,"4":0,"5":0,"6":0,"7":0,"8":0,"9":0,"10":0,"11":0,"12":0,"13":0,"14":0,"15":0,"16":0,"17":0,"18":0,"19":0,"20":0,"21":0,"22":0,"23":2,"24":0,"25":0,"26":0,"27":0,"28":0,"29":0,"30":0,"31":0,"32":0,"33":0,"34":0,"35":0,"36":2,"37":0,"38":0,"39":0,"40":0,"41":0,"42":0,"43":0,"44":0,"45":0,"46":0,"47":0,"48":0,"49":0,"50":0,"51":0,"52":0,"53":0,"54":0,"55":0,"56":0,"57":0,"58":0,"59":2,"60":0,"61":0,"62":0,"63":0,"64":0,"65":0,"66":0,"67":0,"68":0,"69":0,"70":0,"71":0,"72":0,"73":0,"74":0,"75":0,"76":0,"77":0,"78":0,"79":0,"80":0,"81":0,"82":0,"83":0,"84":0,"85":0,"86":0,"87":0,"88":0,"89":0,"90":2,"91":0,"92":0,"93":0,"94":0,"95":0,"96":0,"97":0,"98":0,"99":0,"100":0,"101":0,"102":0,"103":0,"104":0,"105":0,"106":0,"107":0,"108":0,"109":0,"110":0,"111":0,"112":0,"113":0,"114":0,"115":0,"116":0,"117":0,"118":0,"119":0,"120":0,"121":0,"122":0,"123":0,"124":0,"125":0,"126":0},"f":{"0":0,"1":0,"2":0,"3":0,"4":0,"5":0,"6":0,"7":0,"8":0,"9":0},"b":{"0":[0,0],"1":[0,0],"2":[0,0],"3":[0,0],"4":[0,0],"5":[0,0],"6":[0,0],"7":[0,0],"8":[0,0],"9":[0,0],"10":[0,0],"11":[0,0],"12":[0,0],"13":[0,0],"14":[0,0],"15":[0,0],"16":[0,0],"17":[0,0],"18":[0,0],"19":[0,0],"20":[0,0],"21":[0,0],"22":[0,0],"23":[0,0],"24":[0,0],"25":[0,0],"26":[0,0],"27":[0,0],"28":[0,0],"29":[0,0],"30":[0,0],"31":[0,0],"32":[0,0],"33":[0,0],"34":[0,0],"35":[0,0]}}
,"/Users/sschepis/Development/prime-echo-core/cli/src/commands/auth.ts": {"path":"/Users/sschepis/Development/prime-echo-core/cli/src/commands/auth.ts","statementMap":{"0":{"start":{"line":18,"column":27},"end":{"line":19,"column":null}},"1":{"start":{"line":22,"column":0},"end":{"line":78,"column":null}},"2":{"start":{"line":27,"column":16},"end":{"line":27,"column":null}},"3":{"start":{"line":29,"column":4},"end":{"line":42,"column":null}},"4":{"start":{"line":30,"column":6},"end":{"line":30,"column":null}},"5":{"start":{"line":32,"column":22},"end":{"line":40,"column":null}},"6":{"start":{"line":38,"column":31},"end":{"line":38,"column":null}},"7":{"start":{"line":41,"column":6},"end":{"line":41,"column":null}},"8":{"start":{"line":44,"column":4},"end":{"line":44,"column":null}},"9":{"start":{"line":47,"column":4},"end":{"line":47,"column":null}},"10":{"start":{"line":49,"column":21},"end":{"line":51,"column":null}},"11":{"start":{"line":53,"column":4},"end":{"line":58,"column":null}},"12":{"start":{"line":54,"column":6},"end":{"line":54,"column":null}},"13":{"start":{"line":55,"column":6},"end":{"line":55,"column":null}},"14":{"start":{"line":56,"column":6},"end":{"line":56,"column":null}},"15":{"start":{"line":57,"column":6},"end":{"line":57,"column":null}},"16":{"start":{"line":61,"column":4},"end":{"line":63,"column":null}},"17":{"start":{"line":62,"column":6},"end":{"line":62,"column":null}},"18":{"start":{"line":65,"column":4},"end":{"line":65,"column":null}},"19":{"start":{"line":67,"column":4},"end":{"line":77,"column":null}},"20":{"start":{"line":81,"column":0},"end":{"line":107,"column":null}},"21":{"start":{"line":85,"column":18},"end":{"line":85,"column":null}},"22":{"start":{"line":87,"column":4},"end":{"line":90,"column":null}},"23":{"start":{"line":88,"column":6},"end":{"line":88,"column":null}},"24":{"start":{"line":89,"column":6},"end":{"line":89,"column":null}},"25":{"start":{"line":92,"column":24},"end":{"line":99,"column":null}},"26":{"start":{"line":101,"column":4},"end":{"line":106,"column":null}},"27":{"start":{"line":102,"column":6},"end":{"line":102,"column":null}},"28":{"start":{"line":103,"column":6},"end":{"line":103,"column":null}},"29":{"start":{"line":105,"column":6},"end":{"line":105,"column":null}},"30":{"start":{"line":110,"column":0},"end":{"line":156,"column":null}},"31":{"start":{"line":114,"column":18},"end":{"line":114,"column":null}},"32":{"start":{"line":116,"column":4},"end":{"line":120,"column":null}},"33":{"start":{"line":117,"column":6},"end":{"line":117,"column":null}},"34":{"start":{"line":118,"column":6},"end":{"line":118,"column":null}},"35":{"start":{"line":119,"column":6},"end":{"line":119,"column":null}},"36":{"start":{"line":122,"column":4},"end":{"line":122,"column":null}},"37":{"start":{"line":124,"column":21},"end":{"line":129,"column":null}},"38":{"start":{"line":131,"column":4},"end":{"line":135,"column":null}},"39":{"start":{"line":132,"column":6},"end":{"line":132,"column":null}},"40":{"start":{"line":133,"column":6},"end":{"line":133,"column":null}},"41":{"start":{"line":134,"column":6},"end":{"line":134,"column":null}},"42":{"start":{"line":137,"column":4},"end":{"line":137,"column":null}},"43":{"start":{"line":139,"column":19},"end":{"line":139,"column":null}},"44":{"start":{"line":140,"column":17},"end":{"line":140,"column":null}},"45":{"start":{"line":142,"column":4},"end":{"line":155,"column":null}},"46":{"start":{"line":159,"column":0},"end":{"line":187,"column":null}},"47":{"start":{"line":165,"column":18},"end":{"line":165,"column":null}},"48":{"start":{"line":167,"column":4},"end":{"line":171,"column":null}},"49":{"start":{"line":168,"column":6},"end":{"line":168,"column":null}},"50":{"start":{"line":169,"column":6},"end":{"line":169,"column":null}},"51":{"start":{"line":170,"column":6},"end":{"line":170,"column":null}},"52":{"start":{"line":173,"column":4},"end":{"line":186,"column":null}},"53":{"start":{"line":174,"column":6},"end":{"line":174,"column":null}},"54":{"start":{"line":175,"column":6},"end":{"line":175,"column":null}},"55":{"start":{"line":176,"column":6},"end":{"line":176,"column":null}},"56":{"start":{"line":177,"column":4},"end":{"line":186,"column":null}},"57":{"start":{"line":179,"column":6},"end":{"line":179,"column":null}},"58":{"start":{"line":180,"column":6},"end":{"line":180,"column":null}},"59":{"start":{"line":182,"column":6},"end":{"line":182,"column":null}},"60":{"start":{"line":183,"column":6},"end":{"line":183,"column":null}},"61":{"start":{"line":184,"column":6},"end":{"line":184,"column":null}},"62":{"start":{"line":185,"column":6},"end":{"line":185,"column":null}}},"fnMap":{"0":{"name":"(anonymous_0)","decl":{"start":{"line":26,"column":10},"end":{"line":26,"column":17}},"loc":{"start":{"line":26,"column":29},"end":{"line":78,"column":3}}},"1":{"name":"(anonymous_1)","decl":{"start":{"line":38,"column":20},"end":{"line":38,"column":21}},"loc":{"start":{"line":38,"column":31},"end":{"line":38,"column":null}}},"2":{"name":"(anonymous_2)","decl":{"start":{"line":84,"column":10},"end":{"line":84,"column":22}},"loc":{"start":{"line":84,"column":22},"end":{"line":107,"column":3}}},"3":{"name":"(anonymous_3)","decl":{"start":{"line":113,"column":10},"end":{"line":113,"column":22}},"loc":{"start":{"line":113,"column":22},"end":{"line":156,"column":3}}},"4":{"name":"(anonymous_4)","decl":{"start":{"line":164,"column":10},"end":{"line":164,"column":17}},"loc":{"start":{"line":164,"column":29},"end":{"line":187,"column":3}}}},"branchMap":{"0":{"loc":{"start":{"line":29,"column":4},"end":{"line":42,"column":null}},"type":"if","locations":[{"start":{"line":29,"column":4},"end":{"line":42,"column":null}},{"start":{},"end":{}}]},"1":{"loc":{"start":{"line":38,"column":31},"end":{"line":38,"column":null}},"type":"binary-expr","locations":[{"start":{"line":38,"column":31},"end":{"line":38,"column":51}},{"start":{"line":38,"column":51},"end":{"line":38,"column":null}}]},"2":{"loc":{"start":{"line":53,"column":4},"end":{"line":58,"column":null}},"type":"if","locations":[{"start":{"line":53,"column":4},"end":{"line":58,"column":null}},{"start":{},"end":{}}]},"3":{"loc":{"start":{"line":61,"column":4},"end":{"line":63,"column":null}},"type":"if","locations":[{"start":{"line":61,"column":4},"end":{"line":63,"column":null}},{"start":{},"end":{}}]},"4":{"loc":{"start":{"line":69,"column":31},"end":{"line":69,"column":73}},"type":"binary-expr","locations":[{"start":{"line":69,"column":31},"end":{"line":69,"column":67}},{"start":{"line":69,"column":67},"end":{"line":69,"column":73}}]},"5":{"loc":{"start":{"line":70,"column":34},"end":{"line":70,"column":71}},"type":"binary-expr","locations":[{"start":{"line":70,"column":34},"end":{"line":70,"column":70}},{"start":{"line":70,"column":70},"end":{"line":70,"column":71}}]},"6":{"loc":{"start":{"line":87,"column":4},"end":{"line":90,"column":null}},"type":"if","locations":[{"start":{"line":87,"column":4},"end":{"line":90,"column":null}},{"start":{},"end":{}}]},"7":{"loc":{"start":{"line":101,"column":4},"end":{"line":106,"column":null}},"type":"if","locations":[{"start":{"line":101,"column":4},"end":{"line":106,"column":null}},{"start":{"line":104,"column":11},"end":{"line":106,"column":null}}]},"8":{"loc":{"start":{"line":116,"column":4},"end":{"line":120,"column":null}},"type":"if","locations":[{"start":{"line":116,"column":4},"end":{"line":120,"column":null}},{"start":{},"end":{}}]},"9":{"loc":{"start":{"line":131,"column":4},"end":{"line":135,"column":null}},"type":"if","locations":[{"start":{"line":131,"column":4},"end":{"line":135,"column":null}},{"start":{},"end":{}}]},"10":{"loc":{"start":{"line":147,"column":32},"end":{"line":147,"column":56}},"type":"binary-expr","locations":[{"start":{"line":147,"column":32},"end":{"line":147,"column":55}},{"start":{"line":147,"column":55},"end":{"line":147,"column":56}}]},"11":{"loc":{"start":{"line":147,"column":70},"end":{"line":147,"column":92}},"type":"binary-expr","locations":[{"start":{"line":147,"column":70},"end":{"line":147,"column":91}},{"start":{"line":147,"column":91},"end":{"line":147,"column":92}}]},"12":{"loc":{"start":{"line":167,"column":4},"end":{"line":171,"column":null}},"type":"if","locations":[{"start":{"line":167,"column":4},"end":{"line":171,"column":null}},{"start":{},"end":{}}]},"13":{"loc":{"start":{"line":173,"column":4},"end":{"line":186,"column":null}},"type":"if","locations":[{"start":{"line":173,"column":4},"end":{"line":186,"column":null}},{"start":{"line":177,"column":4},"end":{"line":186,"column":null}}]},"14":{"loc":{"start":{"line":177,"column":4},"end":{"line":186,"column":null}},"type":"if","locations":[{"start":{"line":177,"column":4},"end":{"line":186,"column":null}},{"start":{"line":181,"column":11},"end":{"line":186,"column":null}}]}},"s":{"0":2,"1":2,"2":0,"3":0,"4":0,"5":0,"6":0,"7":0,"8":0,"9":0,"10":0,"11":0,"12":0,"13":0,"14":0,"15":0,"16":0,"17":0,"18":0,"19":0,"20":2,"21":0,"22":0,"23":0,"24":0,"25":0,"26":0,"27":0,"28":0,"29":0,"30":2,"31":0,"32":0,"33":0,"34":0,"35":0,"36":0,"37":0,"38":0,"39":0,"40":0,"41":0,"42":0,"43":0,"44":0,"45":0,"46":2,"47":0,"48":0,"49":0,"50":0,"51":0,"52":0,"53":0,"54":0,"55":0,"56":0,"57":0,"58":0,"59":0,"60":0,"61":0,"62":0},"f":{"0":0,"1":0,"2":0,"3":0,"4":0},"b":{"0":[0,0],"1":[0,0],"2":[0,0],"3":[0,0],"4":[0,0],"5":[0,0],"6":[0,0],"7":[0,0],"8":[0,0],"9":[0,0],"10":[0,0],"11":[0,0],"12":[0,0],"13":[0,0],"14":[0,0]}}
,"/Users/sschepis/Development/prime-echo-core/cli/src/commands/chat.ts": {"path":"/Users/sschepis/Development/prime-echo-core/cli/src/commands/chat.ts","statementMap":{"0":{"start":{"line":15,"column":15},"end":{"line":15,"column":null}},"1":{"start":{"line":17,"column":27},"end":{"line":39,"column":null}},"2":{"start":{"line":25,"column":4},"end":{"line":27,"column":null}},"3":{"start":{"line":26,"column":6},"end":{"line":26,"column":null}},"4":{"start":{"line":29,"column":18},"end":{"line":29,"column":null}},"5":{"start":{"line":30,"column":19},"end":{"line":30,"column":null}},"6":{"start":{"line":32,"column":4},"end":{"line":38,"column":null}},"7":{"start":{"line":34,"column":6},"end":{"line":34,"column":null}},"8":{"start":{"line":37,"column":6},"end":{"line":37,"column":null}},"9":{"start":{"line":49,"column":34},"end":{"line":51,"column":null}},"10":{"start":{"line":53,"column":2},"end":{"line":53,"column":null}},"11":{"start":{"line":55,"column":2},"end":{"line":107,"column":null}},"12":{"start":{"line":56,"column":4},"end":{"line":56,"column":null}},"13":{"start":{"line":58,"column":23},"end":{"line":58,"column":null}},"14":{"start":{"line":60,"column":4},"end":{"line":81,"column":null}},"15":{"start":{"line":68,"column":8},"end":{"line":68,"column":null}},"16":{"start":{"line":69,"column":8},"end":{"line":69,"column":null}},"17":{"start":{"line":72,"column":8},"end":{"line":72,"column":null}},"18":{"start":{"line":74,"column":8},"end":{"line":76,"column":null}},"19":{"start":{"line":75,"column":10},"end":{"line":75,"column":null}},"20":{"start":{"line":79,"column":8},"end":{"line":79,"column":null}},"21":{"start":{"line":83,"column":4},"end":{"line":83,"column":null}},"22":{"start":{"line":85,"column":21},"end":{"line":92,"column":null}},"23":{"start":{"line":94,"column":4},"end":{"line":94,"column":null}},"24":{"start":{"line":96,"column":4},"end":{"line":99,"column":null}},"25":{"start":{"line":97,"column":6},"end":{"line":97,"column":null}},"26":{"start":{"line":98,"column":6},"end":{"line":98,"column":null}},"27":{"start":{"line":101,"column":20},"end":{"line":101,"column":null}},"28":{"start":{"line":102,"column":4},"end":{"line":102,"column":null}},"29":{"start":{"line":104,"column":4},"end":{"line":106,"column":null}},"30":{"start":{"line":105,"column":6},"end":{"line":105,"column":null}},"31":{"start":{"line":111,"column":34},"end":{"line":111,"column":null}},"32":{"start":{"line":113,"column":2},"end":{"line":128,"column":null}},"33":{"start":{"line":130,"column":19},"end":{"line":130,"column":null}},"34":{"start":{"line":131,"column":21},"end":{"line":131,"column":null}},"35":{"start":{"line":133,"column":2},"end":{"line":255,"column":null}},"36":{"start":{"line":134,"column":22},"end":{"line":141,"column":null}},"37":{"start":{"line":143,"column":20},"end":{"line":143,"column":null}},"38":{"start":{"line":145,"column":4},"end":{"line":145,"column":null}},"39":{"start":{"line":145,"column":18},"end":{"line":145,"column":null}},"40":{"start":{"line":148,"column":4},"end":{"line":191,"column":null}},"41":{"start":{"line":149,"column":29},"end":{"line":149,"column":null}},"42":{"start":{"line":151,"column":6},"end":{"line":190,"column":null}},"43":{"start":{"line":155,"column":10},"end":{"line":155,"column":null}},"44":{"start":{"line":156,"column":10},"end":{"line":156,"column":null}},"45":{"start":{"line":159,"column":10},"end":{"line":159,"column":null}},"46":{"start":{"line":160,"column":10},"end":{"line":160,"column":null}},"47":{"start":{"line":161,"column":10},"end":{"line":161,"column":null}},"48":{"start":{"line":164,"column":10},"end":{"line":169,"column":null}},"49":{"start":{"line":165,"column":12},"end":{"line":165,"column":null}},"50":{"start":{"line":166,"column":12},"end":{"line":166,"column":null}},"51":{"start":{"line":168,"column":12},"end":{"line":168,"column":null}},"52":{"start":{"line":170,"column":10},"end":{"line":170,"column":null}},"53":{"start":{"line":173,"column":10},"end":{"line":173,"column":null}},"54":{"start":{"line":174,"column":10},"end":{"line":174,"column":null}},"55":{"start":{"line":175,"column":10},"end":{"line":175,"column":null}},"56":{"start":{"line":178,"column":10},"end":{"line":184,"column":null}},"57":{"start":{"line":185,"column":10},"end":{"line":185,"column":null}},"58":{"start":{"line":188,"column":10},"end":{"line":188,"column":null}},"59":{"start":{"line":189,"column":10},"end":{"line":189,"column":null}},"60":{"start":{"line":194,"column":4},"end":{"line":194,"column":null}},"61":{"start":{"line":196,"column":4},"end":{"line":254,"column":null}},"62":{"start":{"line":197,"column":6},"end":{"line":197,"column":null}},"63":{"start":{"line":199,"column":25},"end":{"line":199,"column":null}},"64":{"start":{"line":201,"column":6},"end":{"line":225,"column":null}},"65":{"start":{"line":209,"column":10},"end":{"line":209,"column":null}},"66":{"start":{"line":210,"column":10},"end":{"line":210,"column":null}},"67":{"start":{"line":213,"column":10},"end":{"line":213,"column":null}},"68":{"start":{"line":214,"column":10},"end":{"line":214,"column":null}},"69":{"start":{"line":216,"column":10},"end":{"line":218,"column":null}},"70":{"start":{"line":217,"column":12},"end":{"line":217,"column":null}},"71":{"start":{"line":221,"column":10},"end":{"line":221,"column":null}},"72":{"start":{"line":223,"column":10},"end":{"line":223,"column":null}},"73":{"start":{"line":227,"column":6},"end":{"line":227,"column":null}},"74":{"start":{"line":229,"column":23},"end":{"line":236,"column":null}},"75":{"start":{"line":238,"column":6},"end":{"line":238,"column":null}},"76":{"start":{"line":240,"column":6},"end":{"line":244,"column":null}},"77":{"start":{"line":241,"column":8},"end":{"line":241,"column":null}},"78":{"start":{"line":242,"column":8},"end":{"line":242,"column":null}},"79":{"start":{"line":243,"column":8},"end":{"line":243,"column":null}},"80":{"start":{"line":246,"column":22},"end":{"line":246,"column":null}},"81":{"start":{"line":247,"column":6},"end":{"line":247,"column":null}},"82":{"start":{"line":249,"column":6},"end":{"line":249,"column":null}},"83":{"start":{"line":251,"column":6},"end":{"line":253,"column":null}},"84":{"start":{"line":252,"column":8},"end":{"line":252,"column":null}},"85":{"start":{"line":259,"column":41},"end":{"line":259,"column":null}},"86":{"start":{"line":261,"column":2},"end":{"line":271,"column":null}}},"fnMap":{"0":{"name":"(anonymous_0)","decl":{"start":{"line":24,"column":10},"end":{"line":24,"column":17}},"loc":{"start":{"line":24,"column":38},"end":{"line":39,"column":3}}},"1":{"name":"sendSingleMessage","decl":{"start":{"line":48,"column":15},"end":{"line":48,"column":33}},"loc":{"start":{"line":48,"column":87},"end":{"line":108,"column":null}}},"2":{"name":"(anonymous_2)","decl":{"start":{"line":67,"column":6},"end":{"line":67,"column":7}},"loc":{"start":{"line":67,"column":17},"end":{"line":70,"column":null}}},"3":{"name":"(anonymous_3)","decl":{"start":{"line":71,"column":6},"end":{"line":71,"column":12}},"loc":{"start":{"line":71,"column":12},"end":{"line":77,"column":null}}},"4":{"name":"(anonymous_4)","decl":{"start":{"line":78,"column":6},"end":{"line":78,"column":7}},"loc":{"start":{"line":78,"column":17},"end":{"line":80,"column":null}}},"5":{"name":"startInteractiveChat","decl":{"start":{"line":110,"column":15},"end":{"line":110,"column":36}},"loc":{"start":{"line":110,"column":73},"end":{"line":256,"column":null}}},"6":{"name":"(anonymous_6)","decl":{"start":{"line":208,"column":8},"end":{"line":208,"column":9}},"loc":{"start":{"line":208,"column":19},"end":{"line":211,"column":null}}},"7":{"name":"(anonymous_7)","decl":{"start":{"line":212,"column":8},"end":{"line":212,"column":14}},"loc":{"start":{"line":212,"column":14},"end":{"line":219,"column":null}}},"8":{"name":"(anonymous_8)","decl":{"start":{"line":220,"column":8},"end":{"line":220,"column":9}},"loc":{"start":{"line":220,"column":19},"end":{"line":224,"column":null}}},"9":{"name":"showPrimeFactors","decl":{"start":{"line":258,"column":9},"end":{"line":258,"column":26}},"loc":{"start":{"line":258,"column":46},"end":{"line":272,"column":null}}}},"branchMap":{"0":{"loc":{"start":{"line":25,"column":4},"end":{"line":27,"column":null}},"type":"if","locations":[{"start":{"line":25,"column":4},"end":{"line":27,"column":null}},{"start":{},"end":{}}]},"1":{"loc":{"start":{"line":29,"column":18},"end":{"line":29,"column":null}},"type":"binary-expr","locations":[{"start":{"line":29,"column":18},"end":{"line":29,"column":35}},{"start":{"line":29,"column":35},"end":{"line":29,"column":64}},{"start":{"line":29,"column":64},"end":{"line":29,"column":null}}]},"2":{"loc":{"start":{"line":30,"column":19},"end":{"line":30,"column":null}},"type":"binary-expr","locations":[{"start":{"line":30,"column":19},"end":{"line":30,"column":47}},{"start":{"line":30,"column":47},"end":{"line":30,"column":null}}]},"3":{"loc":{"start":{"line":32,"column":4},"end":{"line":38,"column":null}},"type":"if","locations":[{"start":{"line":32,"column":4},"end":{"line":38,"column":null}},{"start":{"line":35,"column":11},"end":{"line":38,"column":null}}]},"4":{"loc":{"start":{"line":55,"column":2},"end":{"line":107,"column":null}},"type":"if","locations":[{"start":{"line":55,"column":2},"end":{"line":107,"column":null}},{"start":{"line":82,"column":9},"end":{"line":107,"column":null}}]},"5":{"loc":{"start":{"line":74,"column":8},"end":{"line":76,"column":null}},"type":"if","locations":[{"start":{"line":74,"column":8},"end":{"line":76,"column":null}},{"start":{},"end":{}}]},"6":{"loc":{"start":{"line":96,"column":4},"end":{"line":99,"column":null}},"type":"if","locations":[{"start":{"line":96,"column":4},"end":{"line":99,"column":null}},{"start":{},"end":{}}]},"7":{"loc":{"start":{"line":101,"column":20},"end":{"line":101,"column":null}},"type":"binary-expr","locations":[{"start":{"line":101,"column":20},"end":{"line":101,"column":69}},{"start":{"line":101,"column":69},"end":{"line":101,"column":null}}]},"8":{"loc":{"start":{"line":104,"column":4},"end":{"line":106,"column":null}},"type":"if","locations":[{"start":{"line":104,"column":4},"end":{"line":106,"column":null}},{"start":{},"end":{}}]},"9":{"loc":{"start":{"line":116,"column":31},"end":{"line":116,"column":70}},"type":"cond-expr","locations":[{"start":{"line":116,"column":48},"end":{"line":116,"column":60}},{"start":{"line":116,"column":60},"end":{"line":116,"column":70}}]},"10":{"loc":{"start":{"line":130,"column":19},"end":{"line":130,"column":null}},"type":"binary-expr","locations":[{"start":{"line":130,"column":19},"end":{"line":130,"column":41}},{"start":{"line":130,"column":41},"end":{"line":130,"column":null}}]},"11":{"loc":{"start":{"line":145,"column":4},"end":{"line":145,"column":null}},"type":"if","locations":[{"start":{"line":145,"column":4},"end":{"line":145,"column":null}},{"start":{},"end":{}}]},"12":{"loc":{"start":{"line":148,"column":4},"end":{"line":191,"column":null}},"type":"if","locations":[{"start":{"line":148,"column":4},"end":{"line":191,"column":null}},{"start":{},"end":{}}]},"13":{"loc":{"start":{"line":151,"column":6},"end":{"line":190,"column":null}},"type":"switch","locations":[{"start":{"line":152,"column":8},"end":{"line":152,"column":null}},{"start":{"line":153,"column":8},"end":{"line":153,"column":null}},{"start":{"line":154,"column":8},"end":{"line":156,"column":null}},{"start":{"line":158,"column":8},"end":{"line":161,"column":null}},{"start":{"line":163,"column":8},"end":{"line":170,"column":null}},{"start":{"line":172,"column":8},"end":{"line":175,"column":null}},{"start":{"line":177,"column":8},"end":{"line":185,"column":null}},{"start":{"line":187,"column":8},"end":{"line":189,"column":null}}]},"14":{"loc":{"start":{"line":164,"column":10},"end":{"line":169,"column":null}},"type":"if","locations":[{"start":{"line":164,"column":10},"end":{"line":169,"column":null}},{"start":{"line":167,"column":17},"end":{"line":169,"column":null}}]},"15":{"loc":{"start":{"line":174,"column":50},"end":{"line":174,"column":85}},"type":"cond-expr","locations":[{"start":{"line":174,"column":63},"end":{"line":174,"column":75}},{"start":{"line":174,"column":75},"end":{"line":174,"column":85}}]},"16":{"loc":{"start":{"line":196,"column":4},"end":{"line":254,"column":null}},"type":"if","locations":[{"start":{"line":196,"column":4},"end":{"line":254,"column":null}},{"start":{"line":226,"column":11},"end":{"line":254,"column":null}}]},"17":{"loc":{"start":{"line":216,"column":10},"end":{"line":218,"column":null}},"type":"if","locations":[{"start":{"line":216,"column":10},"end":{"line":218,"column":null}},{"start":{},"end":{}}]},"18":{"loc":{"start":{"line":240,"column":6},"end":{"line":244,"column":null}},"type":"if","locations":[{"start":{"line":240,"column":6},"end":{"line":244,"column":null}},{"start":{},"end":{}}]},"19":{"loc":{"start":{"line":246,"column":22},"end":{"line":246,"column":null}},"type":"binary-expr","locations":[{"start":{"line":246,"column":22},"end":{"line":246,"column":71}},{"start":{"line":246,"column":71},"end":{"line":246,"column":null}}]},"20":{"loc":{"start":{"line":251,"column":6},"end":{"line":253,"column":null}},"type":"if","locations":[{"start":{"line":251,"column":6},"end":{"line":253,"column":null}},{"start":{},"end":{}}]}},"s":{"0":2,"1":2,"2":0,"3":0,"4":0,"5":0,"6":0,"7":0,"8":0,"9":0,"10":0,"11":0,"12":0,"13":0,"14":0,"15":0,"16":0,"17":0,"18":0,"19":0,"20":0,"21":0,"22":0,"23":0,"24":0,"25":0,"26":0,"27":0,"28":0,"29":0,"30":0,"31":0,"32":0,"33":0,"34":0,"35":0,"36":0,"37":0,"38":0,"39":0,"40":0,"41":0,"42":0,"43":0,"44":0,"45":0,"46":0,"47":0,"48":0,"49":0,"50":0,"51":0,"52":0,"53":0,"54":0,"55":0,"56":0,"57":0,"58":0,"59":0,"60":0,"61":0,"62":0,"63":0,"64":0,"65":0,"66":0,"67":0,"68":0,"69":0,"70":0,"71":0,"72":0,"73":0,"74":0,"75":0,"76":0,"77":0,"78":0,"79":0,"80":0,"81":0,"82":0,"83":0,"84":0,"85":0,"86":0},"f":{"0":0,"1":0,"2":0,"3":0,"4":0,"5":0,"6":0,"7":0,"8":0,"9":0},"b":{"0":[0,0],"1":[0,0,0],"2":[0,0],"3":[0,0],"4":[0,0],"5":[0,0],"6":[0,0],"7":[0,0],"8":[0,0],"9":[0,0],"10":[0,0],"11":[0,0],"12":[0,0],"13":[0,0,0,0,0,0,0,0],"14":[0,0],"15":[0,0],"16":[0,0],"17":[0,0],"18":[0,0],"19":[0,0],"20":[0,0]}}
,"/Users/sschepis/Development/prime-echo-core/cli/src/commands/config.ts": {"path":"/Users/sschepis/Development/prime-echo-core/cli/src/commands/config.ts","statementMap":{"0":{"start":{"line":14,"column":29},"end":{"line":15,"column":null}},"1":{"start":{"line":18,"column":0},"end":{"line":50,"column":null}},"2":{"start":{"line":24,"column":4},"end":{"line":27,"column":null}},"3":{"start":{"line":25,"column":6},"end":{"line":25,"column":null}},"4":{"start":{"line":26,"column":6},"end":{"line":26,"column":null}},"5":{"start":{"line":29,"column":19},"end":{"line":29,"column":null}},"6":{"start":{"line":31,"column":4},"end":{"line":31,"column":null}},"7":{"start":{"line":34,"column":23},"end":{"line":34,"column":null}},"8":{"start":{"line":35,"column":4},"end":{"line":37,"column":null}},"9":{"start":{"line":36,"column":6},"end":{"line":36,"column":null}},"10":{"start":{"line":39,"column":4},"end":{"line":47,"column":null}},"11":{"start":{"line":40,"column":27},"end":{"line":44,"column":null}},"12":{"start":{"line":46,"column":6},"end":{"line":46,"column":null}},"13":{"start":{"line":49,"column":4},"end":{"line":49,"column":null}},"14":{"start":{"line":53,"column":0},"end":{"line":66,"column":null}},"15":{"start":{"line":57,"column":18},"end":{"line":57,"column":null}},"16":{"start":{"line":59,"column":4},"end":{"line":65,"column":null}},"17":{"start":{"line":60,"column":6},"end":{"line":60,"column":null}},"18":{"start":{"line":61,"column":4},"end":{"line":65,"column":null}},"19":{"start":{"line":62,"column":6},"end":{"line":62,"column":null}},"20":{"start":{"line":64,"column":6},"end":{"line":64,"column":null}},"21":{"start":{"line":69,"column":0},"end":{"line":95,"column":null}},"22":{"start":{"line":73,"column":22},"end":{"line":79,"column":null}},"23":{"start":{"line":81,"column":4},"end":{"line":85,"column":null}},"24":{"start":{"line":82,"column":6},"end":{"line":82,"column":null}},"25":{"start":{"line":83,"column":6},"end":{"line":83,"column":null}},"26":{"start":{"line":84,"column":6},"end":{"line":84,"column":null}},"27":{"start":{"line":88,"column":27},"end":{"line":88,"column":null}},"28":{"start":{"line":89,"column":4},"end":{"line":91,"column":null}},"29":{"start":{"line":89,"column":26},"end":{"line":89,"column":null}},"30":{"start":{"line":89,"column":40},"end":{"line":91,"column":null}},"31":{"start":{"line":90,"column":32},"end":{"line":90,"column":null}},"32":{"start":{"line":90,"column":46},"end":{"line":91,"column":null}},"33":{"start":{"line":91,"column":36},"end":{"line":91,"column":null}},"34":{"start":{"line":93,"column":4},"end":{"line":93,"column":null}},"35":{"start":{"line":94,"column":4},"end":{"line":94,"column":null}},"36":{"start":{"line":98,"column":0},"end":{"line":111,"column":null}},"37":{"start":{"line":102,"column":26},"end":{"line":102,"column":null}},"38":{"start":{"line":104,"column":4},"end":{"line":107,"column":null}},"39":{"start":{"line":105,"column":6},"end":{"line":105,"column":null}},"40":{"start":{"line":106,"column":6},"end":{"line":106,"column":null}},"41":{"start":{"line":109,"column":4},"end":{"line":109,"column":null}},"42":{"start":{"line":110,"column":4},"end":{"line":110,"column":null}},"43":{"start":{"line":114,"column":0},"end":{"line":137,"column":null}},"44":{"start":{"line":119,"column":4},"end":{"line":133,"column":null}},"45":{"start":{"line":120,"column":26},"end":{"line":127,"column":null}},"46":{"start":{"line":129,"column":6},"end":{"line":132,"column":null}},"47":{"start":{"line":130,"column":8},"end":{"line":130,"column":null}},"48":{"start":{"line":131,"column":8},"end":{"line":131,"column":null}},"49":{"start":{"line":135,"column":4},"end":{"line":135,"column":null}},"50":{"start":{"line":136,"column":4},"end":{"line":136,"column":null}},"51":{"start":{"line":140,"column":0},"end":{"line":152,"column":null}},"52":{"start":{"line":144,"column":4},"end":{"line":144,"column":null}},"53":{"start":{"line":146,"column":4},"end":{"line":146,"column":null}},"54":{"start":{"line":147,"column":4},"end":{"line":147,"column":null}},"55":{"start":{"line":148,"column":4},"end":{"line":148,"column":null}},"56":{"start":{"line":149,"column":4},"end":{"line":149,"column":null}},"57":{"start":{"line":150,"column":4},"end":{"line":150,"column":null}},"58":{"start":{"line":151,"column":4},"end":{"line":151,"column":null}},"59":{"start":{"line":155,"column":0},"end":{"line":200,"column":null}},"60":{"start":{"line":159,"column":20},"end":{"line":159,"column":null}},"61":{"start":{"line":161,"column":20},"end":{"line":193,"column":null}},"62":{"start":{"line":195,"column":4},"end":{"line":197,"column":null}},"63":{"start":{"line":196,"column":6},"end":{"line":196,"column":null}},"64":{"start":{"line":199,"column":4},"end":{"line":199,"column":null}}},"fnMap":{"0":{"name":"(anonymous_0)","decl":{"start":{"line":23,"column":10},"end":{"line":23,"column":11}},"loc":{"start":{"line":23,"column":23},"end":{"line":50,"column":3}}},"1":{"name":"(anonymous_1)","decl":{"start":{"line":56,"column":10},"end":{"line":56,"column":11}},"loc":{"start":{"line":56,"column":19},"end":{"line":66,"column":3}}},"2":{"name":"(anonymous_2)","decl":{"start":{"line":72,"column":10},"end":{"line":72,"column":11}},"loc":{"start":{"line":72,"column":26},"end":{"line":95,"column":3}}},"3":{"name":"(anonymous_3)","decl":{"start":{"line":101,"column":10},"end":{"line":101,"column":11}},"loc":{"start":{"line":101,"column":19},"end":{"line":111,"column":3}}},"4":{"name":"(anonymous_4)","decl":{"start":{"line":118,"column":10},"end":{"line":118,"column":17}},"loc":{"start":{"line":118,"column":29},"end":{"line":137,"column":3}}},"5":{"name":"(anonymous_5)","decl":{"start":{"line":143,"column":10},"end":{"line":143,"column":16}},"loc":{"start":{"line":143,"column":16},"end":{"line":152,"column":3}}},"6":{"name":"(anonymous_6)","decl":{"start":{"line":158,"column":10},"end":{"line":158,"column":22}},"loc":{"start":{"line":158,"column":22},"end":{"line":200,"column":3}}}},"branchMap":{"0":{"loc":{"start":{"line":24,"column":4},"end":{"line":27,"column":null}},"type":"if","locations":[{"start":{"line":24,"column":4},"end":{"line":27,"column":null}},{"start":{},"end":{}}]},"1":{"loc":{"start":{"line":35,"column":4},"end":{"line":37,"column":null}},"type":"if","locations":[{"start":{"line":35,"column":4},"end":{"line":37,"column":null}},{"start":{},"end":{}}]},"2":{"loc":{"start":{"line":40,"column":27},"end":{"line":44,"column":null}},"type":"cond-expr","locations":[{"start":{"line":41,"column":10},"end":{"line":41,"column":null}},{"start":{"line":42,"column":10},"end":{"line":44,"column":null}}]},"3":{"loc":{"start":{"line":40,"column":27},"end":{"line":40,"column":null}},"type":"binary-expr","locations":[{"start":{"line":40,"column":27},"end":{"line":40,"column":50}},{"start":{"line":40,"column":50},"end":{"line":40,"column":null}}]},"4":{"loc":{"start":{"line":42,"column":10},"end":{"line":44,"column":null}},"type":"cond-expr","locations":[{"start":{"line":43,"column":11},"end":{"line":43,"column":null}},{"start":{"line":44,"column":10},"end":{"line":44,"column":null}}]},"5":{"loc":{"start":{"line":43,"column":11},"end":{"line":43,"column":null}},"type":"cond-expr","locations":[{"start":{"line":43,"column":19},"end":{"line":43,"column":41}},{"start":{"line":43,"column":41},"end":{"line":43,"column":null}}]},"6":{"loc":{"start":{"line":59,"column":4},"end":{"line":65,"column":null}},"type":"if","locations":[{"start":{"line":59,"column":4},"end":{"line":65,"column":null}},{"start":{"line":61,"column":4},"end":{"line":65,"column":null}}]},"7":{"loc":{"start":{"line":61,"column":4},"end":{"line":65,"column":null}},"type":"if","locations":[{"start":{"line":61,"column":4},"end":{"line":65,"column":null}},{"start":{"line":63,"column":11},"end":{"line":65,"column":null}}]},"8":{"loc":{"start":{"line":61,"column":15},"end":{"line":61,"column":44}},"type":"binary-expr","locations":[{"start":{"line":61,"column":15},"end":{"line":61,"column":37}},{"start":{"line":61,"column":37},"end":{"line":61,"column":44}}]},"9":{"loc":{"start":{"line":81,"column":4},"end":{"line":85,"column":null}},"type":"if","locations":[{"start":{"line":81,"column":4},"end":{"line":85,"column":null}},{"start":{},"end":{}}]},"10":{"loc":{"start":{"line":89,"column":4},"end":{"line":91,"column":null}},"type":"if","locations":[{"start":{"line":89,"column":4},"end":{"line":91,"column":null}},{"start":{"line":89,"column":40},"end":{"line":91,"column":null}}]},"11":{"loc":{"start":{"line":89,"column":40},"end":{"line":91,"column":null}},"type":"if","locations":[{"start":{"line":89,"column":40},"end":{"line":91,"column":null}},{"start":{"line":90,"column":46},"end":{"line":91,"column":null}}]},"12":{"loc":{"start":{"line":90,"column":46},"end":{"line":91,"column":null}},"type":"if","locations":[{"start":{"line":90,"column":46},"end":{"line":91,"column":null}},{"start":{},"end":{}}]},"13":{"loc":{"start":{"line":104,"column":4},"end":{"line":107,"column":null}},"type":"if","locations":[{"start":{"line":104,"column":4},"end":{"line":107,"column":null}},{"start":{},"end":{}}]},"14":{"loc":{"start":{"line":119,"column":4},"end":{"line":133,"column":null}},"type":"if","locations":[{"start":{"line":119,"column":4},"end":{"line":133,"column":null}},{"start":{},"end":{}}]},"15":{"loc":{"start":{"line":129,"column":6},"end":{"line":132,"column":null}},"type":"if","locations":[{"start":{"line":129,"column":6},"end":{"line":132,"column":null}},{"start":{},"end":{}}]},"16":{"loc":{"start":{"line":166,"column":17},"end":{"line":166,"column":null}},"type":"binary-expr","locations":[{"start":{"line":166,"column":17},"end":{"line":166,"column":41}},{"start":{"line":166,"column":41},"end":{"line":166,"column":null}}]},"17":{"loc":{"start":{"line":179,"column":17},"end":{"line":179,"column":null}},"type":"binary-expr","locations":[{"start":{"line":179,"column":17},"end":{"line":179,"column":34}},{"start":{"line":179,"column":34},"end":{"line":179,"column":null}}]},"18":{"loc":{"start":{"line":191,"column":17},"end":{"line":191,"column":null}},"type":"binary-expr","locations":[{"start":{"line":191,"column":17},"end":{"line":191,"column":44}},{"start":{"line":191,"column":44},"end":{"line":191,"column":null}}]}},"s":{"0":2,"1":2,"2":0,"3":0,"4":0,"5":0,"6":0,"7":0,"8":0,"9":0,"10":0,"11":0,"12":0,"13":0,"14":2,"15":0,"16":0,"17":0,"18":0,"19":0,"20":0,"21":2,"22":0,"23":0,"24":0,"25":0,"26":0,"27":0,"28":0,"29":0,"30":0,"31":0,"32":0,"33":0,"34":0,"35":0,"36":2,"37":0,"38":0,"39":0,"40":0,"41":0,"42":0,"43":2,"44":0,"45":0,"46":0,"47":0,"48":0,"49":0,"50":0,"51":2,"52":0,"53":0,"54":0,"55":0,"56":0,"57":0,"58":0,"59":2,"60":0,"61":0,"62":0,"63":0,"64":0},"f":{"0":0,"1":0,"2":0,"3":0,"4":0,"5":0,"6":0},"b":{"0":[0,0],"1":[0,0],"2":[0,0],"3":[0,0],"4":[0,0],"5":[0,0],"6":[0,0],"7":[0,0],"8":[0,0],"9":[0,0],"10":[0,0],"11":[0,0],"12":[0,0],"13":[0,0],"14":[0,0],"15":[0,0],"16":[0,0],"17":[0,0],"18":[0,0]}}
,"/Users/sschepis/Development/prime-echo-core/cli/src/commands/memory.ts": {"path":"/Users/sschepis/Development/prime-echo-core/cli/src/commands/memory.ts","statementMap":{"0":{"start":{"line":11,"column":29},"end":{"line":12,"column":null}},"1":{"start":{"line":15,"column":0},"end":{"line":62,"column":null}},"2":{"start":{"line":21,"column":4},"end":{"line":21,"column":null}},"3":{"start":{"line":21,"column":24},"end":{"line":21,"column":null}},"4":{"start":{"line":23,"column":4},"end":{"line":23,"column":null}},"5":{"start":{"line":25,"column":21},"end":{"line":25,"column":null}},"6":{"start":{"line":27,"column":4},"end":{"line":31,"column":null}},"7":{"start":{"line":28,"column":6},"end":{"line":28,"column":null}},"8":{"start":{"line":29,"column":6},"end":{"line":29,"column":null}},"9":{"start":{"line":30,"column":6},"end":{"line":30,"column":null}},"10":{"start":{"line":33,"column":4},"end":{"line":33,"column":null}},"11":{"start":{"line":35,"column":17},"end":{"line":35,"column":null}},"12":{"start":{"line":37,"column":4},"end":{"line":39,"column":null}},"13":{"start":{"line":38,"column":6},"end":{"line":38,"column":null}},"14":{"start":{"line":38,"column":34},"end":{"line":38,"column":45}},"15":{"start":{"line":41,"column":4},"end":{"line":45,"column":null}},"16":{"start":{"line":42,"column":6},"end":{"line":42,"column":null}},"17":{"start":{"line":43,"column":6},"end":{"line":43,"column":null}},"18":{"start":{"line":44,"column":6},"end":{"line":44,"column":null}},"19":{"start":{"line":47,"column":18},"end":{"line":49,"column":null}},"20":{"start":{"line":51,"column":4},"end":{"line":59,"column":null}},"21":{"start":{"line":52,"column":6},"end":{"line":58,"column":null}},"22":{"start":{"line":61,"column":4},"end":{"line":61,"column":null}},"23":{"start":{"line":65,"column":0},"end":{"line":97,"column":null}},"24":{"start":{"line":69,"column":4},"end":{"line":69,"column":null}},"25":{"start":{"line":69,"column":24},"end":{"line":69,"column":null}},"26":{"start":{"line":71,"column":4},"end":{"line":71,"column":null}},"27":{"start":{"line":73,"column":21},"end":{"line":73,"column":null}},"28":{"start":{"line":75,"column":4},"end":{"line":79,"column":null}},"29":{"start":{"line":76,"column":6},"end":{"line":76,"column":null}},"30":{"start":{"line":77,"column":6},"end":{"line":77,"column":null}},"31":{"start":{"line":78,"column":6},"end":{"line":78,"column":null}},"32":{"start":{"line":81,"column":4},"end":{"line":81,"column":null}},"33":{"start":{"line":83,"column":18},"end":{"line":83,"column":null}},"34":{"start":{"line":85,"column":4},"end":{"line":96,"column":null}},"35":{"start":{"line":100,"column":0},"end":{"line":156,"column":null}},"36":{"start":{"line":107,"column":4},"end":{"line":107,"column":null}},"37":{"start":{"line":107,"column":24},"end":{"line":107,"column":null}},"38":{"start":{"line":109,"column":15},"end":{"line":109,"column":null}},"39":{"start":{"line":110,"column":22},"end":{"line":110,"column":null}},"40":{"start":{"line":111,"column":19},"end":{"line":111,"column":null}},"41":{"start":{"line":113,"column":4},"end":{"line":137,"column":null}},"42":{"start":{"line":114,"column":22},"end":{"line":132,"column":null}},"43":{"start":{"line":119,"column":31},"end":{"line":119,"column":null}},"44":{"start":{"line":134,"column":6},"end":{"line":134,"column":null}},"45":{"start":{"line":135,"column":6},"end":{"line":135,"column":null}},"46":{"start":{"line":136,"column":6},"end":{"line":136,"column":null}},"47":{"start":{"line":139,"column":4},"end":{"line":139,"column":null}},"48":{"start":{"line":141,"column":21},"end":{"line":145,"column":null}},"49":{"start":{"line":147,"column":4},"end":{"line":151,"column":null}},"50":{"start":{"line":148,"column":6},"end":{"line":148,"column":null}},"51":{"start":{"line":149,"column":6},"end":{"line":149,"column":null}},"52":{"start":{"line":150,"column":6},"end":{"line":150,"column":null}},"53":{"start":{"line":153,"column":4},"end":{"line":153,"column":null}},"54":{"start":{"line":155,"column":4},"end":{"line":155,"column":null}},"55":{"start":{"line":159,"column":0},"end":{"line":204,"column":null}},"56":{"start":{"line":164,"column":4},"end":{"line":164,"column":null}},"57":{"start":{"line":164,"column":24},"end":{"line":164,"column":null}},"58":{"start":{"line":166,"column":18},"end":{"line":166,"column":null}},"59":{"start":{"line":168,"column":4},"end":{"line":178,"column":null}},"60":{"start":{"line":169,"column":22},"end":{"line":176,"column":null}},"61":{"start":{"line":174,"column":31},"end":{"line":174,"column":null}},"62":{"start":{"line":177,"column":6},"end":{"line":177,"column":null}},"63":{"start":{"line":181,"column":23},"end":{"line":181,"column":null}},"64":{"start":{"line":182,"column":25},"end":{"line":182,"column":null}},"65":{"start":{"line":184,"column":4},"end":{"line":184,"column":null}},"66":{"start":{"line":186,"column":21},"end":{"line":192,"column":null}},"67":{"start":{"line":194,"column":4},"end":{"line":198,"column":null}},"68":{"start":{"line":195,"column":6},"end":{"line":195,"column":null}},"69":{"start":{"line":196,"column":6},"end":{"line":196,"column":null}},"70":{"start":{"line":197,"column":6},"end":{"line":197,"column":null}},"71":{"start":{"line":200,"column":4},"end":{"line":200,"column":null}},"72":{"start":{"line":202,"column":4},"end":{"line":202,"column":null}},"73":{"start":{"line":203,"column":4},"end":{"line":203,"column":null}},"74":{"start":{"line":207,"column":0},"end":{"line":250,"column":null}},"75":{"start":{"line":213,"column":4},"end":{"line":213,"column":null}},"76":{"start":{"line":213,"column":24},"end":{"line":213,"column":null}},"77":{"start":{"line":215,"column":4},"end":{"line":215,"column":null}},"78":{"start":{"line":217,"column":21},"end":{"line":219,"column":null}},"79":{"start":{"line":221,"column":4},"end":{"line":225,"column":null}},"80":{"start":{"line":222,"column":6},"end":{"line":222,"column":null}},"81":{"start":{"line":223,"column":6},"end":{"line":223,"column":null}},"82":{"start":{"line":224,"column":6},"end":{"line":224,"column":null}},"83":{"start":{"line":227,"column":4},"end":{"line":227,"column":null}},"84":{"start":{"line":229,"column":26},"end":{"line":229,"column":null}},"85":{"start":{"line":231,"column":4},"end":{"line":234,"column":null}},"86":{"start":{"line":232,"column":6},"end":{"line":232,"column":null}},"87":{"start":{"line":233,"column":6},"end":{"line":233,"column":null}},"88":{"start":{"line":236,"column":18},"end":{"line":238,"column":null}},"89":{"start":{"line":240,"column":4},"end":{"line":247,"column":null}},"90":{"start":{"line":241,"column":6},"end":{"line":246,"column":null}},"91":{"start":{"line":249,"column":4},"end":{"line":249,"column":null}},"92":{"start":{"line":253,"column":0},"end":{"line":272,"column":null}},"93":{"start":{"line":257,"column":4},"end":{"line":257,"column":null}},"94":{"start":{"line":257,"column":24},"end":{"line":257,"column":null}},"95":{"start":{"line":259,"column":4},"end":{"line":259,"column":null}},"96":{"start":{"line":261,"column":21},"end":{"line":263,"column":null}},"97":{"start":{"line":265,"column":4},"end":{"line":269,"column":null}},"98":{"start":{"line":266,"column":6},"end":{"line":266,"column":null}},"99":{"start":{"line":267,"column":6},"end":{"line":267,"column":null}},"100":{"start":{"line":268,"column":6},"end":{"line":268,"column":null}},"101":{"start":{"line":271,"column":4},"end":{"line":271,"column":null}},"102":{"start":{"line":275,"column":0},"end":{"line":309,"column":null}},"103":{"start":{"line":280,"column":4},"end":{"line":280,"column":null}},"104":{"start":{"line":280,"column":24},"end":{"line":280,"column":null}},"105":{"start":{"line":282,"column":4},"end":{"line":296,"column":null}},"106":{"start":{"line":283,"column":26},"end":{"line":290,"column":null}},"107":{"start":{"line":292,"column":6},"end":{"line":295,"column":null}},"108":{"start":{"line":293,"column":8},"end":{"line":293,"column":null}},"109":{"start":{"line":294,"column":8},"end":{"line":294,"column":null}},"110":{"start":{"line":298,"column":4},"end":{"line":298,"column":null}},"111":{"start":{"line":300,"column":21},"end":{"line":300,"column":null}},"112":{"start":{"line":302,"column":4},"end":{"line":306,"column":null}},"113":{"start":{"line":303,"column":6},"end":{"line":303,"column":null}},"114":{"start":{"line":304,"column":6},"end":{"line":304,"column":null}},"115":{"start":{"line":305,"column":6},"end":{"line":305,"column":null}},"116":{"start":{"line":308,"column":4},"end":{"line":308,"column":null}}},"fnMap":{"0":{"name":"(anonymous_0)","decl":{"start":{"line":20,"column":10},"end":{"line":20,"column":17}},"loc":{"start":{"line":20,"column":29},"end":{"line":62,"column":3}}},"1":{"name":"(anonymous_1)","decl":{"start":{"line":38,"column":29},"end":{"line":38,"column":34}},"loc":{"start":{"line":38,"column":34},"end":{"line":38,"column":45}}},"2":{"name":"(anonymous_2)","decl":{"start":{"line":68,"column":10},"end":{"line":68,"column":17}},"loc":{"start":{"line":68,"column":24},"end":{"line":97,"column":3}}},"3":{"name":"(anonymous_3)","decl":{"start":{"line":106,"column":10},"end":{"line":106,"column":17}},"loc":{"start":{"line":106,"column":29},"end":{"line":156,"column":3}}},"4":{"name":"(anonymous_4)","decl":{"start":{"line":119,"column":20},"end":{"line":119,"column":21}},"loc":{"start":{"line":119,"column":31},"end":{"line":119,"column":null}}},"5":{"name":"(anonymous_5)","decl":{"start":{"line":163,"column":10},"end":{"line":163,"column":17}},"loc":{"start":{"line":163,"column":38},"end":{"line":204,"column":3}}},"6":{"name":"(anonymous_6)","decl":{"start":{"line":174,"column":20},"end":{"line":174,"column":21}},"loc":{"start":{"line":174,"column":31},"end":{"line":174,"column":null}}},"7":{"name":"(anonymous_7)","decl":{"start":{"line":212,"column":10},"end":{"line":212,"column":17}},"loc":{"start":{"line":212,"column":38},"end":{"line":250,"column":3}}},"8":{"name":"(anonymous_8)","decl":{"start":{"line":256,"column":10},"end":{"line":256,"column":17}},"loc":{"start":{"line":256,"column":29},"end":{"line":272,"column":3}}},"9":{"name":"(anonymous_9)","decl":{"start":{"line":279,"column":10},"end":{"line":279,"column":17}},"loc":{"start":{"line":279,"column":38},"end":{"line":309,"column":3}}}},"branchMap":{"0":{"loc":{"start":{"line":21,"column":4},"end":{"line":21,"column":null}},"type":"if","locations":[{"start":{"line":21,"column":4},"end":{"line":21,"column":null}},{"start":{},"end":{}}]},"1":{"loc":{"start":{"line":27,"column":4},"end":{"line":31,"column":null}},"type":"if","locations":[{"start":{"line":27,"column":4},"end":{"line":31,"column":null}},{"start":{},"end":{}}]},"2":{"loc":{"start":{"line":35,"column":17},"end":{"line":35,"column":null}},"type":"binary-expr","locations":[{"start":{"line":35,"column":17},"end":{"line":35,"column":42}},{"start":{"line":35,"column":42},"end":{"line":35,"column":null}}]},"3":{"loc":{"start":{"line":37,"column":4},"end":{"line":39,"column":null}},"type":"if","locations":[{"start":{"line":37,"column":4},"end":{"line":39,"column":null}},{"start":{},"end":{}}]},"4":{"loc":{"start":{"line":41,"column":4},"end":{"line":45,"column":null}},"type":"if","locations":[{"start":{"line":41,"column":4},"end":{"line":45,"column":null}},{"start":{},"end":{}}]},"5":{"loc":{"start":{"line":55,"column":8},"end":{"line":55,"column":null}},"type":"cond-expr","locations":[{"start":{"line":55,"column":26},"end":{"line":55,"column":47}},{"start":{"line":55,"column":47},"end":{"line":55,"column":null}}]},"6":{"loc":{"start":{"line":56,"column":8},"end":{"line":56,"column":null}},"type":"cond-expr","locations":[{"start":{"line":56,"column":32},"end":{"line":56,"column":81}},{"start":{"line":56,"column":81},"end":{"line":56,"column":null}}]},"7":{"loc":{"start":{"line":57,"column":8},"end":{"line":57,"column":null}},"type":"cond-expr","locations":[{"start":{"line":57,"column":26},"end":{"line":57,"column":47}},{"start":{"line":57,"column":47},"end":{"line":57,"column":null}}]},"8":{"loc":{"start":{"line":69,"column":4},"end":{"line":69,"column":null}},"type":"if","locations":[{"start":{"line":69,"column":4},"end":{"line":69,"column":null}},{"start":{},"end":{}}]},"9":{"loc":{"start":{"line":75,"column":4},"end":{"line":79,"column":null}},"type":"if","locations":[{"start":{"line":75,"column":4},"end":{"line":79,"column":null}},{"start":{},"end":{}}]},"10":{"loc":{"start":{"line":86,"column":28},"end":{"line":86,"column":76}},"type":"cond-expr","locations":[{"start":{"line":86,"column":46},"end":{"line":86,"column":74}},{"start":{"line":86,"column":74},"end":{"line":86,"column":76}}]},"11":{"loc":{"start":{"line":87,"column":12},"end":{"line":87,"column":49}},"type":"binary-expr","locations":[{"start":{"line":87,"column":12},"end":{"line":87,"column":33}},{"start":{"line":87,"column":33},"end":{"line":87,"column":49}}]},"12":{"loc":{"start":{"line":91,"column":31},"end":{"line":91,"column":74}},"type":"cond-expr","locations":[{"start":{"line":91,"column":49},"end":{"line":91,"column":70}},{"start":{"line":91,"column":70},"end":{"line":91,"column":74}}]},"13":{"loc":{"start":{"line":92,"column":31},"end":{"line":92,"column":54}},"type":"binary-expr","locations":[{"start":{"line":92,"column":31},"end":{"line":92,"column":53}},{"start":{"line":92,"column":53},"end":{"line":92,"column":54}}]},"14":{"loc":{"start":{"line":94,"column":31},"end":{"line":94,"column":109}},"type":"cond-expr","locations":[{"start":{"line":94,"column":55},"end":{"line":94,"column":104}},{"start":{"line":94,"column":104},"end":{"line":94,"column":109}}]},"15":{"loc":{"start":{"line":107,"column":4},"end":{"line":107,"column":null}},"type":"if","locations":[{"start":{"line":107,"column":4},"end":{"line":107,"column":null}},{"start":{},"end":{}}]},"16":{"loc":{"start":{"line":111,"column":19},"end":{"line":111,"column":null}},"type":"binary-expr","locations":[{"start":{"line":111,"column":19},"end":{"line":111,"column":37}},{"start":{"line":111,"column":37},"end":{"line":111,"column":null}}]},"17":{"loc":{"start":{"line":113,"column":4},"end":{"line":137,"column":null}},"type":"if","locations":[{"start":{"line":113,"column":4},"end":{"line":137,"column":null}},{"start":{},"end":{}}]},"18":{"loc":{"start":{"line":119,"column":31},"end":{"line":119,"column":null}},"type":"binary-expr","locations":[{"start":{"line":119,"column":31},"end":{"line":119,"column":51}},{"start":{"line":119,"column":51},"end":{"line":119,"column":null}}]},"19":{"loc":{"start":{"line":143,"column":19},"end":{"line":143,"column":null}},"type":"binary-expr","locations":[{"start":{"line":143,"column":19},"end":{"line":143,"column":34}},{"start":{"line":143,"column":34},"end":{"line":143,"column":null}}]},"20":{"loc":{"start":{"line":147,"column":4},"end":{"line":151,"column":null}},"type":"if","locations":[{"start":{"line":147,"column":4},"end":{"line":151,"column":null}},{"start":{},"end":{}}]},"21":{"loc":{"start":{"line":164,"column":4},"end":{"line":164,"column":null}},"type":"if","locations":[{"start":{"line":164,"column":4},"end":{"line":164,"column":null}},{"start":{},"end":{}}]},"22":{"loc":{"start":{"line":168,"column":4},"end":{"line":178,"column":null}},"type":"if","locations":[{"start":{"line":168,"column":4},"end":{"line":178,"column":null}},{"start":{},"end":{}}]},"23":{"loc":{"start":{"line":174,"column":31},"end":{"line":174,"column":null}},"type":"binary-expr","locations":[{"start":{"line":174,"column":31},"end":{"line":174,"column":51}},{"start":{"line":174,"column":51},"end":{"line":174,"column":null}}]},"24":{"loc":{"start":{"line":194,"column":4},"end":{"line":198,"column":null}},"type":"if","locations":[{"start":{"line":194,"column":4},"end":{"line":198,"column":null}},{"start":{},"end":{}}]},"25":{"loc":{"start":{"line":213,"column":4},"end":{"line":213,"column":null}},"type":"if","locations":[{"start":{"line":213,"column":4},"end":{"line":213,"column":null}},{"start":{},"end":{}}]},"26":{"loc":{"start":{"line":221,"column":4},"end":{"line":225,"column":null}},"type":"if","locations":[{"start":{"line":221,"column":4},"end":{"line":225,"column":null}},{"start":{},"end":{}}]},"27":{"loc":{"start":{"line":229,"column":26},"end":{"line":229,"column":null}},"type":"binary-expr","locations":[{"start":{"line":229,"column":26},"end":{"line":229,"column":58}},{"start":{"line":229,"column":58},"end":{"line":229,"column":null}}]},"28":{"loc":{"start":{"line":231,"column":4},"end":{"line":234,"column":null}},"type":"if","locations":[{"start":{"line":231,"column":4},"end":{"line":234,"column":null}},{"start":{},"end":{}}]},"29":{"loc":{"start":{"line":244,"column":8},"end":{"line":244,"column":null}},"type":"binary-expr","locations":[{"start":{"line":244,"column":8},"end":{"line":244,"column":56}},{"start":{"line":244,"column":56},"end":{"line":244,"column":null}}]},"30":{"loc":{"start":{"line":257,"column":4},"end":{"line":257,"column":null}},"type":"if","locations":[{"start":{"line":257,"column":4},"end":{"line":257,"column":null}},{"start":{},"end":{}}]},"31":{"loc":{"start":{"line":265,"column":4},"end":{"line":269,"column":null}},"type":"if","locations":[{"start":{"line":265,"column":4},"end":{"line":269,"column":null}},{"start":{},"end":{}}]},"32":{"loc":{"start":{"line":280,"column":4},"end":{"line":280,"column":null}},"type":"if","locations":[{"start":{"line":280,"column":4},"end":{"line":280,"column":null}},{"start":{},"end":{}}]},"33":{"loc":{"start":{"line":282,"column":4},"end":{"line":296,"column":null}},"type":"if","locations":[{"start":{"line":282,"column":4},"end":{"line":296,"column":null}},{"start":{},"end":{}}]},"34":{"loc":{"start":{"line":292,"column":6},"end":{"line":295,"column":null}},"type":"if","locations":[{"start":{"line":292,"column":6},"end":{"line":295,"column":null}},{"start":{},"end":{}}]},"35":{"loc":{"start":{"line":302,"column":4},"end":{"line":306,"column":null}},"type":"if","locations":[{"start":{"line":302,"column":4},"end":{"line":306,"column":null}},{"start":{},"end":{}}]}},"s":{"0":2,"1":2,"2":0,"3":0,"4":0,"5":0,"6":0,"7":0,"8":0,"9":0,"10":0,"11":0,"12":0,"13":0,"14":0,"15":0,"16":0,"17":0,"18":0,"19":0,"20":0,"21":0,"22":0,"23":2,"24":0,"25":0,"26":0,"27":0,"28":0,"29":0,"30":0,"31":0,"32":0,"33":0,"34":0,"35":2,"36":0,"37":0,"38":0,"39":0,"40":0,"41":0,"42":0,"43":0,"44":0,"45":0,"46":0,"47":0,"48":0,"49":0,"50":0,"51":0,"52":0,"53":0,"54":0,"55":2,"56":0,"57":0,"58":0,"59":0,"60":0,"61":0,"62":0,"63":0,"64":0,"65":0,"66":0,"67":0,"68":0,"69":0,"70":0,"71":0,"72":0,"73":0,"74":2,"75":0,"76":0,"77":0,"78":0,"79":0,"80":0,"81":0,"82":0,"83":0,"84":0,"85":0,"86":0,"87":0,"88":0,"89":0,"90":0,"91":0,"92":2,"93":0,"94":0,"95":0,"96":0,"97":0,"98":0,"99":0,"100":0,"101":0,"102":2,"103":0,"104":0,"105":0,"106":0,"107":0,"108":0,"109":0,"110":0,"111":0,"112":0,"113":0,"114":0,"115":0,"116":0},"f":{"0":0,"1":0,"2":0,"3":0,"4":0,"5":0,"6":0,"7":0,"8":0,"9":0},"b":{"0":[0,0],"1":[0,0],"2":[0,0],"3":[0,0],"4":[0,0],"5":[0,0],"6":[0,0],"7":[0,0],"8":[0,0],"9":[0,0],"10":[0,0],"11":[0,0],"12":[0,0],"13":[0,0],"14":[0,0],"15":[0,0],"16":[0,0],"17":[0,0],"18":[0,0],"19":[0,0],"20":[0,0],"21":[0,0],"22":[0,0],"23":[0,0],"24":[0,0],"25":[0,0],"26":[0,0],"27":[0,0],"28":[0,0],"29":[0,0],"30":[0,0],"31":[0,0],"32":[0,0],"33":[0,0],"34":[0,0],"35":[0,0]}}
,"/Users/sschepis/Development/prime-echo-core/cli/src/commands/prime.ts": {"path":"/Users/sschepis/Development/prime-echo-core/cli/src/commands/prime.ts","statementMap":{"0":{"start":{"line":15,"column":28},"end":{"line":16,"column":null}},"1":{"start":{"line":19,"column":0},"end":{"line":79,"column":null}},"2":{"start":{"line":25,"column":16},"end":{"line":25,"column":null}},"3":{"start":{"line":27,"column":4},"end":{"line":78,"column":null}},"4":{"start":{"line":29,"column":22},"end":{"line":29,"column":null}},"5":{"start":{"line":31,"column":6},"end":{"line":31,"column":null}},"6":{"start":{"line":33,"column":6},"end":{"line":36,"column":null}},"7":{"start":{"line":34,"column":8},"end":{"line":34,"column":null}},"8":{"start":{"line":35,"column":8},"end":{"line":35,"column":null}},"9":{"start":{"line":38,"column":30},"end":{"line":38,"column":null}},"10":{"start":{"line":39,"column":6},"end":{"line":43,"column":null}},"11":{"start":{"line":39,"column":71},"end":{"line":39,"column":82}},"12":{"start":{"line":40,"column":25},"end":{"line":40,"column":null}},"13":{"start":{"line":41,"column":22},"end":{"line":41,"column":null}},"14":{"start":{"line":42,"column":8},"end":{"line":42,"column":null}},"15":{"start":{"line":45,"column":6},"end":{"line":45,"column":null}},"16":{"start":{"line":47,"column":6},"end":{"line":56,"column":null}},"17":{"start":{"line":48,"column":8},"end":{"line":48,"column":null}},"18":{"start":{"line":49,"column":8},"end":{"line":54,"column":null}},"19":{"start":{"line":50,"column":27},"end":{"line":50,"column":null}},"20":{"start":{"line":51,"column":10},"end":{"line":53,"column":null}},"21":{"start":{"line":52,"column":12},"end":{"line":52,"column":null}},"22":{"start":{"line":55,"column":8},"end":{"line":55,"column":null}},"23":{"start":{"line":59,"column":21},"end":{"line":59,"column":null}},"24":{"start":{"line":61,"column":6},"end":{"line":61,"column":null}},"25":{"start":{"line":62,"column":6},"end":{"line":62,"column":null}},"26":{"start":{"line":63,"column":6},"end":{"line":63,"column":null}},"27":{"start":{"line":65,"column":6},"end":{"line":65,"column":null}},"28":{"start":{"line":66,"column":6},"end":{"line":66,"column":null}},"29":{"start":{"line":68,"column":6},"end":{"line":77,"column":null}},"30":{"start":{"line":69,"column":8},"end":{"line":69,"column":null}},"31":{"start":{"line":70,"column":8},"end":{"line":75,"column":null}},"32":{"start":{"line":71,"column":27},"end":{"line":71,"column":null}},"33":{"start":{"line":72,"column":10},"end":{"line":74,"column":null}},"34":{"start":{"line":73,"column":12},"end":{"line":73,"column":null}},"35":{"start":{"line":76,"column":8},"end":{"line":76,"column":null}},"36":{"start":{"line":82,"column":0},"end":{"line":107,"column":null}},"37":{"start":{"line":86,"column":20},"end":{"line":86,"column":null}},"38":{"start":{"line":87,"column":20},"end":{"line":
[...]
5":{"loc":{"start":{"line":40,"column":4},"end":{"line":40,"column":null}},"type":"if","locations":[{"start":{"line":40,"column":4},"end":{"line":40,"column":null}},{"start":{},"end":{}}]},"6":{"loc":{"start":{"line":43,"column":26},"end":{"line":43,"column":53}},"type":"binary-expr","locations":[{"start":{"line":43,"column":26},"end":{"line":43,"column":48}},{"start":{"line":43,"column":48},"end":{"line":43,"column":53}}]},"7":{"loc":{"start":{"line":48,"column":2},"end":{"line":50,"column":null}},"type":"if","locations":[{"start":{"line":48,"column":2},"end":{"line":50,"column":null}},{"start":{},"end":{}}]},"8":{"loc":{"start":{"line":69,"column":24},"end":{"line":69,"column":51}},"type":"binary-expr","locations":[{"start":{"line":69,"column":24},"end":{"line":69,"column":46}},{"start":{"line":69,"column":46},"end":{"line":69,"column":51}}]},"9":{"loc":{"start":{"line":75,"column":20},"end":{"line":75,"column":76}},"type":"binary-expr","locations":[{"start":{"line":75,"column":20},"end":{"line":75,"column":33}},{"start":{"line":75,"column":33},"end":{"line":75,"column":76}}]},"10":{"loc":{"start":{"line":104,"column":4},"end":{"line":108,"column":null}},"type":"if","locations":[{"start":{"line":104,"column":4},"end":{"line":108,"column":null}},{"start":{"line":106,"column":11},"end":{"line":108,"column":null}}]},"11":{"loc":{"start":{"line":112,"column":4},"end":{"line":114,"column":null}},"type":"if","locations":[{"start":{"line":112,"column":4},"end":{"line":114,"column":null}},{"start":{},"end":{}}]},"12":{"loc":{"start":{"line":141,"column":4},"end":{"line":143,"column":null}},"type":"if","locations":[{"start":{"line":141,"column":4},"end":{"line":143,"column":null}},{"start":{},"end":{}}]},"13":{"loc":{"start":{"line":146,"column":2},"end":{"line":154,"column":null}},"type":"if","locations":[{"start":{"line":146,"column":2},"end":{"line":154,"column":null}},{"start":{"line":148,"column":2},"end":{"line":154,"column":null}}]},"14":{"loc":{"start":{"line":147,"column":91},"end":{"line":147,"column":139}},"type":"binary-expr","locations":[{"start":{"line":147,"column":91},"end":{"line":147,"column":121}},{"start":{"line":147,"column":121},"end":{"line":147,"column":139}}]},"15":{"loc":{"start":{"line":148,"column":2},"end":{"line":154,"column":null}},"type":"if","locations":[{"start":{"line":148,"column":2},"end":{"line":154,"column":null}},{"start":{"line":150,"column":2},"end":{"line":154,"column":null}}]},"16":{"loc":{"start":{"line":149,"column":92},"end":{"line":149,"column":138}},"type":"binary-expr","locations":[{"start":{"line":149,"column":92},"end":{"line":149,"column":122}},{"start":{"line":149,"column":122},"end":{"line":149,"column":138}}]},"17":{"loc":{"start":{"line":150,"column":2},"end":{"line":154,"column":null}},"type":"if","locations":[{"start":{"line":150,"column":2},"end":{"line":154,"column":null}},{"start":{"line":152,"column":9},"end":{"line":154,"column":null}}]},"18":{"loc":{"start":{"line":151,"column":92},"end":{"line":151,"column":173}},"type":"cond-expr","locations":[{"start":{"line":151,"column":117},"end":{"line":151,"column":156}},{"start":{"line":151,"column":156},"end":{"line":151,"column":173}}]},"19":{"loc":{"start":{"line":161,"column":9},"end":{"line":161,"column":null}},"type":"binary-expr","locations":[{"start":{"line":161,"column":9},"end":{"line":161,"column":65}},{"start":{"line":161,"column":65},"end":{"line":161,"column":null}}]},"20":{"loc":{"start":{"line":167,"column":50},"end":{"line":167,"column":81}},"type":"default-arg","locations":[{"start":{"line":167,"column":69},"end":{"line":167,"column":81}}]},"21":{"loc":{"start":{"line":168,"column":2},"end":{"line":168,"column":null}},"type":"if","locations":[{"start":{"line":168,"column":2},"end":{"line":168,"column":null}},{"start":{},"end":{}}]},"22":{"loc":{"start":{"line":172,"column":19},"end":{"line":172,"column":41}},"type":"binary-expr","locations":[{"start":{"line":172,"column":19},"end":{"line":172,"column":36}},{"start":{"line":172,"column":36},"end":{"line":172,"column":41}}]},"23":{"loc":{"start":{"line":182,"column":18},"end":{"line":182,"column":null}},"type":"cond-expr","locations":[{"start":{"line":182,"column":29},"end":{"line":182,"column":61}},{"start":{"line":182,"column":61},"end":{"line":182,"column":null}}]}},"s":{"0":5,"1":121,"2":4,"3":117,"4":2,"5":115,"6":4,"7":111,"8":111,"9":111,"10":640,"11":4,"12":107,"13":10,"14":10,"15":10,"16":2,"17":8,"18":19,"19":8,"20":11,"21":15,"22":15,"23":8,"24":6,"25":8,"26":8,"27":8,"28":8,"29":8,"30":31,"31":31,"32":31,"33":31,"34":31,"35":8,"36":8,"37":26,"38":26,"39":31,"40":8,"41":34,"42":8,"43":8,"44":8,"45":8,"46":8,"47":8,"48":8,"49":8,"50":22,"51":16,"52":6,"53":8,"54":32,"55":16,"56":8,"57":8,"58":8,"59":8,"60":11,"61":2,"62":11,"63":8,"64":8,"65":16,"66":16,"67":16,"68":8,"69":2,"70":6,"71":2,"72":4,"73":1,"74":3,"75":14,"76":5,"77":1,"78":4,"79":4,"80":12,"81":4,"82":4,"83":4,"84":3,"85":7,"86":7,"87":7,"88":7,"89":7,"90":4},"f":{"0":121,"1":10,"2":8,"3":34,"4":8,"5":11,"6":2,"7":11,"8":8,"9":14,"10":5,"11":3},"b":{"0":[4,117],"1":[2,115],"2":[4,111],"3":[4,636],"4":[2,8],"5":[8,11],"6":[15,7],"7":[6,2],"8":[31,26],"9":[57,31],"10":[16,6],"11":[16,16],"12":[16,0],"13":[2,6],"14":[2,0],"15":[2,4],"16":[2,0],"17":[1,3],"18":[1,0],"19":[14,4],"20":[4],"21":[1,4],"22":[12,7],"23":[7,0]}}
,"/Users/sschepis/Development/prime-echo-core/cli/src/ui/spinner.ts": {"path":"/Users/sschepis/Development/prime-echo-core/cli/src/ui/spinner.ts","statementMap":{"0":{"start":{"line":4,"column":33},"end":{"line":4,"column":null}},"1":{"start":{"line":7,"column":2},"end":{"line":9,"column":null}},"2":{"start":{"line":8,"column":4},"end":{"line":8,"column":null}},"3":{"start":{"line":10,"column":2},"end":{"line":14,"column":null}},"4":{"start":{"line":15,"column":2},"end":{"line":15,"column":null}},"5":{"start":{"line":19,"column":2},"end":{"line":22,"column":null}},"6":{"start":{"line":20,"column":4},"end":{"line":20,"column":null}},"7":{"start":{"line":21,"column":4},"end":{"line":21,"column":null}},"8":{"start":{"line":26,"column":2},"end":{"line":29,"column":null}},"9":{"start":{"line":27,"column":4},"end":{"line":27,"column":null}},"10":{"start":{"line":28,"column":4},"end":{"line":28,"column":null}},"11":{"start":{"line":33,"column":2},"end":{"line":36,"column":null}},"12":{"start":{"line":34,"column":4},"end":{"line":34,"column":null}},"13":{"start":{"line":35,"column":4},"end":{"line":35,"column":null}},"14":{"start":{"line":40,"column":2},"end":{"line":42,"column":null}},"15":{"start":{"line":41,"column":4},"end":{"line":41,"column":null}},"16":{"start":{"line":46,"column":2},"end":{"line":49,"column":null}},"17":{"start":{"line":47,"column":4},"end":{"line":47,"column":null}},"18":{"start":{"line":48,"column":4},"end":{"line":48,"column":null}},"19":{"start":{"line":55,"column":32},"end":{"line":55,"column":null}},"20":{"start":{"line":56,"column":32},"end":{"line":56,"column":null}},"21":{"start":{"line":59,"column":4},"end":{"line":59,"column":null}},"22":{"start":{"line":63,"column":4},"end":{"line":63,"column":null}},"23":{"start":{"line":64,"column":4},"end":{"line":64,"column":null}},"24":{"start":{"line":68,"column":4},"end":{"line":70,"column":null}},"25":{"start":{"line":69,"column":6},"end":{"line":69,"column":null}},"26":{"start":{"line":72,"column":17},"end":{"line":72,"column":null}},"27":{"start":{"line":73,"column":21},"end":{"line":73,"column":null}},"28":{"start":{"line":75,"column":4},"end":{"line":79,"column":null}},"29":{"start":{"line":83,"column":4},"end":{"line":89,"column":null}},"30":{"start":{"line":84,"column":6},"end":{"line":88,"column":null}},"31":{"start":{"line":85,"column":8},"end":{"line":85,"column":null}},"32":{"start":{"line":87,"column":8},"end":{"line":87,"column":null}},"33":{"start":{"line":91,"column":4},"end":{"line":91,"column":null}},"34":{"start":{"line":93,"column":4},"end":{"line":95,"column":null}},"35":{"start":{"line":94,"column":6},"end":{"line":94,"column":null}},"36":{"start":{"line":99,"column":4},"end":{"line":102,"column":null}},"37":{"start":{"line":100,"column":6},"end":{"line":100,"column":null}},"38":{"start":{"line":101,"column":6},"end":{"line":101,"column":null}},"39":{"start":{"line":106,"column":4},"end":{"line":109,"column":null}},"40":{"start":{"line":107,"column":6},"end":{"line":107,"column":null}},"41":{"start":{"line":108,"column":6},"end":{"line":108,"column":null}}},"fnMap":{"0":{"name":"startSpinner","decl":{"start":{"line":6,"column":16},"end":{"line":6,"column":29}},"loc":{"start":{"line":6,"column":48},"end":{"line":16,"column":null}}},"1":{"name":"succeedSpinner","decl":{"start":{"line":18,"column":16},"end":{"line":18,"column":31}},"loc":{"start":{"line":18,"column":52},"end":{"line":23,"column":null}}},"2":{"name":"failSpinner","decl":{"start":{"line":25,"column":16},"end":{"line":25,"column":28}},"loc":{"start":{"line":25,"column":49},"end":{"line":30,"column":null}}},"3":{"name":"warnSpinner","decl":{"start":{"line":32,"column":16},"end":{"line":32,"column":28}},"loc":{"start":{"line":32,"column":49},"end":{"line":37,"column":null}}},"4":{"name":"updateSpinner","decl":{"start":{"line":39,"column":16},"end":{"line":39,"column":30}},"loc":{"start":{"line":39,"column":50},"end":{"line":43,"column":null}}},"5":{"name":"stopSpinner","decl":{"start":{"line":45,"column":16},"end":{"line":45,"column":36}},"loc":{"start":{"line":45,"column":36},"end":{"line":50,"column":null}}},"6":{"name":"(anonymous_6)","decl":{"start":{"line":58,"column":2},"end":{"line":58,"column":14}},"loc":{"start":{"line":58,"column":31},"end":{"line":60,"column":null}}},"7":{"name":"(anonymous_7)","decl":{"start":{"line":62,"column":2},"end":{"line":62,"column":16}},"loc":{"start":{"line":62,"column":16},"end":{"line":65,"column":null}}},"8":{"name":"(anonymous_8)","decl":{"start":{"line":67,"column":10},"end":{"line":67,"column":34}},"loc":{"start":{"line":67,"column":34},"end":{"line":80,"column":null}}},"9":{"name":"(anonymous_9)","decl":{"start":{"line":82,"column":2},"end":{"line":82,"column":7}},"loc":{"start":{"line":82,"column":38},"end":{"line":96,"column":null}}},"10":{"name":"(anonymous_10)","decl":{"start":{"line":98,"column":2},"end":{"line":98,"column":11}},"loc":{"start":{"line":98,"column":35},"end":{"line":103,"column":null}}},"11":{"name":"(anonymous_11)","decl":{"start":{"line":105,"column":2},"end":{"line":105,"column":7}},"loc":{"start":{"line":105,"column":31},"end":{"line":110,"column":null}}}},"branchMap":{"0":{"loc":{"start":{"line":7,"column":2},"end":{"line":9,"column":null}},"type":"if","locations":[{"start":{"line":7,"column":2},"end":{"line":9,"column":null}},{"start":{},"end":{}}]},"1":{"loc":{"start":{"line":19,"column":2},"end":{"line":22,"column":null}},"type":"if","locations":[{"start":{"line":19,"column":2},"end":{"line":22,"column":null}},{"start":{},"end":{}}]},"2":{"loc":{"start":{"line":26,"column":2},"end":{"line":29,"column":null}},"type":"if","locations":[{"start":{"line":26,"column":2},"end":{"line":29,"column":null}},{"start":{},"end":{}}]},"3":{"loc":{"start":{"line":33,"column":2},"end":{"line":36,"column":null}},"type":"if","locations":[{"start":{"line":33,"column":2},"end":{"line":36,"column":null}},{"start":{},"end":{}}]},"4":{"loc":{"start":{"line":40,"column":2},"end":{"line":42,"column":null}},"type":"if","locations":[{"start":{"line":40,"column":2},"end":{"line":42,"column":null}},{"start":{},"end":{}}]},"5":{"loc":{"start":{"line":46,"column":2},"end":{"line":49,"column":null}},"type":"if","locations":[{"start":{"line":46,"column":2},"end":{"line":49,"column":null}},{"start":{},"end":{}}]},"6":{"loc":{"start":{"line":68,"column":4},"end":{"line":70,"column":null}},"type":"if","locations":[{"start":{"line":68,"column":4},"end":{"line":70,"column":null}},{"start":{},"end":{}}]},"7":{"loc":{"start":{"line":82,"column":7},"end":{"line":82,"column":38}},"type":"default-arg","locations":[{"start":{"line":82,"column":26},"end":{"line":82,"column":38}}]},"8":{"loc":{"start":{"line":83,"column":4},"end":{"line":89,"column":null}},"type":"if","locations":[{"start":{"line":83,"column":4},"end":{"line":89,"column":null}},{"start":{},"end":{}}]},"9":{"loc":{"start":{"line":84,"column":6},"end":{"line":88,"column":null}},"type":"if","locations":[{"start":{"line":84,"column":6},"end":{"line":88,"column":null}},{"start":{"line":86,"column":13},"end":{"line":88,"column":null}}]},"10":{"loc":{"start":{"line":93,"column":4},"end":{"line":95,"column":null}},"type":"if","locations":[{"start":{"line":93,"column":4},"end":{"line":95,"column":null}},{"start":{},"end":{}}]},"11":{"loc":{"start":{"line":99,"column":4},"end":{"line":102,"column":null}},"type":"if","locations":[{"start":{"line":99,"column":4},"end":{"line":102,"column":null}},{"start":{},"end":{}}]},"12":{"loc":{"start":{"line":100,"column":27},"end":{"line":100,"column":48}},"type":"binary-expr","locations":[{"start":{"line":100,"column":27},"end":{"line":100,"column":38}},{"start":{"line":100,"column":38},"end":{"line":100,"column":48}}]},"13":{"loc":{"start":{"line":106,"column":4},"end":{"line":109,"column":null}},"type":"if","locations":[{"start":{"line":106,"column":4},"end":{"line":109,"column":null}},{"start":{},"end":{}}]},"14":{"loc":{"start":{"line":107,"column":24},"end":{"line":107,"column":43}},"type":"binary-expr","locations":[{"start":{"line":107,"column":24},"end":{"line":107,"column":35}},{"start":{"line":107,"column":35},"end":{"line":107,"column":43}}]}},"s":{"0":6,"1":8,"2":1,"3":8,"4":8,"5":2,"6":1,"7":1,"8":2,"9":1,"10":1,"11":2,"12":1,"13":1,"14":2,"15":1,"16":26,"17":4,"18":4,"19":8,"20":8,"21":8,"22":7,"23":7,"24":9,"25":2,"26":9,"27":9,"28":9,"29":2,"30":2,"31":1,"32":1,"33":2,"34":2,"35":2,"36":2,"37":2,"38":2,"39":5,"40":5,"41":5},"f":{"0":8,"1":2,"2":2,"3":2,"4":2,"5":26,"6":8,"7":7,"8":9,"9":2,"10":2,"11":5},"b":{"0":[1,7],"1":[1,1],"2":[1,1],"3":[1,1],"4":[1,1],"5":[4,22],"6":[2,7],"7":[0],"8":[2,0],"9":[1,1],"10":[2,0],"11":[2,0],"12":[2,1],"13":[5,0],"14":[5,4]}}
,"/Users/sschepis/Development/prime-echo-core/cli/src/ui/table.ts": {"path":"/Users/sschepis/Development/prime-echo-core/cli/src/ui/table.ts","statementMap":{"0":{"start":{"line":14,"column":2},"end":{"line":38,"column":null}},"1":{"start":{"line":15,"column":32},"end":{"line":15,"column":45}},"2":{"start":{"line":42,"column":2},"end":{"line":42,"column":null}},"3":{"start":{"line":42,"column":19},"end":{"line":42,"column":null}},"4":{"start":{"line":44,"column":15},"end":{"line":44,"column":null}},"5":{"start":{"line":45,"column":14},"end":{"line":45,"column":null}},"6":{"start":{"line":46,"column":15},"end":{"line":46,"column":null}},"7":{"start":{"line":49,"column":2},"end":{"line":51,"column":null}},"8":{"start":{"line":50,"column":4},"end":{"line":50,"column":null}},"9":{"start":{"line":54,"column":2},"end":{"line":57,"column":null}},"10":{"start":{"line":55,"column":17},"end":{"line":55,"column":null}},"11":{"start":{"line":56,"column":4},"end":{"line":56,"column":null}},"12":{"start":{"line":60,"column":2},"end":{"line":63,"column":null}},"13":{"start":{"line":61,"column":18},"end":{"line":61,"column":null}},"14":{"start":{"line":62,"column":4},"end":{"line":62,"column":null}},"15":{"start":{"line":66,"column":2},"end":{"line":69,"column":null}},"16":{"start":{"line":67,"column":17},"end":{"line":67,"column":null}},"17":{"start":{"line":68,"column":4},"end":{"line":68,"column":null}},"18":{"start":{"line":72,"column":2},"end":{"line":72,"column":null}},"19":{"start":{"line":76,"column":62},"end":{"line":86,"column":null}},"20":{"start":{"line":88,"column":18},"end":{"line":88,"column":null}},"21":{"start":{"line":89,"column":2},"end":{"line":89,"column":null}},"22":{"start":{"line":93,"column":2},"end":{"line":93,"column":null}},"23":{"start":{"line":93,"column":31},"end":{"line":93,"column":null}},"24":{"start":{"line":94,"column":2},"end":{"line":94,"column":null}},"25":{"start":{"line":98,"column":2},"end":{"line":100,"column":null}},"26":{"start":{"line":99,"column":4},"end":{"line":99,"column":null}},"27":{"start":{"line":101,"column":2},"end":{"line":103,"column":null}},"28":{"start":{"line":102,"column":4},"end":{"line":102,"column":null}},"29":{"start":{"line":104,"column":2},"end":{"line":104,"column":null}}},"fnMap":{"0":{"name":"createTable","decl":{"start":{"line":13,"column":16},"end":{"line":13,"column":28}},"loc":{"start":{"line":13,"column":64},"end":{"line":39,"column":null}}},"1":{"name":"(anonymous_1)","decl":{"start":{"line":15,"column":27},"end":{"line":15,"column":32}},"loc":{"start":{"line":15,"column":32},"end":{"line":15,"column":45}}},"2":{"name":"formatDate","decl":{"start":{"line":41,"column":16},"end":{"line":41,"column":27}},"loc":{"start":{"line":41,"column":62},"end":{"line":73,"column":null}}},"3":{"name":"formatStatus","decl":{"start":{"line":75,"column":16},"end":{"line":75,"column":29}},"loc":{"start":{"line":75,"column":53},"end":{"line":90,"column":null}}},"4":{"name":"truncate","decl":{"start":{"line":92,"column":16},"end":{"line":92,"column":25}},"loc":{"start":{"line":92,"column":65},"end":{"line":95,"column":null}}},"5":{"name":"formatNumber","decl":{"start":{"line":97,"column":16},"end":{"line":97,"column":29}},"loc":{"start":{"line":97,"column":50},"end":{"line":105,"column":null}}}},"branchMap":{"0":{"loc":{"start":{"line":18,"column":12},"end":{"line":18,"column":null}},"type":"binary-expr","locations":[{"start":{"line":18,"column":12},"end":{"line":18,"column":35}},{"start":{"line":18,"column":35},"end":{"line":18,"column":null}}]},"1":{"loc":{"start":{"line":19,"column":14},"end":{"line":19,"column":null}},"type":"binary-expr","locations":[{"start":{"line":19,"column":14},"end":{"line":19,"column":39}},{"start":{"line":19,"column":39},"end":{"line":19,"column":null}}]},"2":{"loc":{"start":{"line":42,"column":2},"end":{"line":42,"column":null}},"type":"if","locations":[{"start":{"line":42,"column":2},"end":{"line":42,"column":null}},{"start":{},"end":{}}]},"3":{"loc":{"start":{"line":49,"column":2},"end":{"line":51,"column":null}},"type":"if","locations":[{"start":{"line":49,"column":2},"end":{"line":51,"column":null}},{"start":{},"end":{}}]},"4":{"loc":{"start":{"line":54,"column":2},"end":{"line":57,"column":null}},"type":"if","locations":[{"start":{"line":54,"column":2},"end":{"line":57,"column":null}},{"start":{},"end":{}}]},"5":{"loc":{"start":{"line":60,"column":2},"end":{"line":63,"column":null}},"type":"if","locations":[{"start":{"line":60,"column":2},"end":{"line":63,"column":null}},{"start":{},"end":{}}]},"6":{"loc":{"start":{"line":66,"column":2},"end":{"line":69,"column":null}},"type":"if","locations":[{"start":{"line":66,"column":2},"end":{"line":69,"column":null}},{"start":{},"end":{}}]},"7":{"loc":{"start":{"line":88,"column":18},"end":{"line":88,"column":null}},"type":"binary-expr","locations":[{"start":{"line":88,"column":18},"end":{"line":88,"column":56}},{"start":{"line":88,"column":56},"end":{"line":88,"column":null}}]},"8":{"loc":{"start":{"line":93,"column":2},"end":{"line":93,"column":null}},"type":"if","locations":[{"start":{"line":93,"column":2},"end":{"line":93,"column":null}},{"start":{},"end":{}}]},"9":{"loc":{"start":{"line":98,"column":2},"end":{"line":100,"column":null}},"type":"if","locations":[{"start":{"line":98,"column":2},"end":{"line":100,"column":null}},{"start":{},"end":{}}]},"10":{"loc":{"start":{"line":101,"column":2},"end":{"line":103,"column":null}},"type":"if","locations":[{"start":{"line":101,"column":2},"end":{"line":103,"column":null}},{"start":{},"end":{}}]}},"s":{"0":3,"1":5,"2":6,"3":1,"4":5,"5":5,"6":5,"7":5,"8":1,"9":4,"10":1,"11":1,"12":3,"13":1,"14":1,"15":2,"16":1,"17":1,"18":1,"19":9,"20":9,"21":9,"22":5,"23":3,"24":2,"25":8,"26":2,"27":6,"28":3,"29":3},"f":{"0":3,"1":5,"2":6,"3":9,"4":5,"5":8},"b":{"0":[3,3],"1":[3,3],"2":[1,5],"3":[1,4],"4":[1,3],"5":[1,2],"6":[1,1],"7":[9,1],"8":[3,2],"9":[2,6],"10":[3,3]}}
}
